0 info it worked if it ends with ok
1 verbose cli [ 'C:\\Program Files\\nodejs\\node.exe',
1 verbose cli   'C:\\Program Files\\nodejs\\node_modules\\npm\\bin\\npm-cli.js',
1 verbose cli   'install' ]
2 info using npm@3.8.9
3 info using node@v6.2.0
4 silly loadCurrentTree Starting
5 silly install loadCurrentTree
6 silly install readLocalPackageData
7 silly install normalizeTree
8 silly loadCurrentTree Finishing
9 silly loadIdealTree Starting
10 silly install loadIdealTree
11 silly cloneCurrentTree Starting
12 silly install cloneCurrentTreeToIdealTree
13 silly cloneCurrentTree Finishing
14 silly loadShrinkwrap Starting
15 silly install loadShrinkwrap
16 silly loadShrinkwrap Finishing
17 silly loadAllDepsIntoIdealTree Starting
18 silly install loadAllDepsIntoIdealTree
19 silly fetchNamedPackageData fsevents
20 silly mapToRegistry name fsevents
21 silly mapToRegistry using default registry
22 silly mapToRegistry registry https://registry.npmjs.org/
23 silly mapToRegistry data Result {
23 silly mapToRegistry   raw: 'fsevents',
23 silly mapToRegistry   scope: null,
23 silly mapToRegistry   name: 'fsevents',
23 silly mapToRegistry   rawSpec: '',
23 silly mapToRegistry   spec: 'latest',
23 silly mapToRegistry   type: 'tag' }
24 silly mapToRegistry uri https://registry.npmjs.org/fsevents
25 verbose get https://registry.npmjs.org/fsevents not expired, no request
26 silly resolveWithNewModule fsevents@1.0.17 checking installable status
27 silly loadAllDepsIntoIdealTree Finishing
28 silly idealTree:prePrune discuss_vue
28 silly idealTree:prePrune +-- abbrev@1.0.9
28 silly idealTree:prePrune +-- accepts@1.3.3
28 silly idealTree:prePrune +-- acorn@3.3.0
28 silly idealTree:prePrune +-- align-text@0.1.4
28 silly idealTree:prePrune +-- alphanum-sort@1.0.2
28 silly idealTree:prePrune +-- amdefine@1.0.1
28 silly idealTree:prePrune +-- ansi-regex@2.1.1
28 silly idealTree:prePrune +-- ansi-styles@2.2.1
28 silly idealTree:prePrune +-- ansicolors@0.3.2
28 silly idealTree:prePrune +-- anymatch@1.3.0
28 silly idealTree:prePrune +-- anysort@1.0.1
28 silly idealTree:prePrune +-- aproba@1.0.4
28 silly idealTree:prePrune +-- are-we-there-yet@1.1.2
28 silly idealTree:prePrune +-- argparse@1.0.9
28 silly idealTree:prePrune +-- arr-diff@2.0.0
28 silly idealTree:prePrune +-- arr-flatten@1.0.1
28 silly idealTree:prePrune +-- array-find-index@1.0.2
28 silly idealTree:prePrune +-- array-flatten@1.1.1
28 silly idealTree:prePrune +-- array-unique@0.2.1
28 silly idealTree:prePrune +-- arrify@1.0.1
28 silly idealTree:prePrune +-- asn1.js@4.9.1
28 silly idealTree:prePrune +-- asn1@0.2.3
28 silly idealTree:prePrune +-- assert-plus@0.2.0
28 silly idealTree:prePrune +-- assert@1.3.0
28 silly idealTree:prePrune +-- async-each@1.0.1
28 silly idealTree:prePrune +-- async-foreach@0.1.3
28 silly idealTree:prePrune +-- async@0.2.10
28 silly idealTree:prePrune +-- asynckit@0.4.0
28 silly idealTree:prePrune +-- autoprefixer@6.7.0
28 silly idealTree:prePrune +-- aws-sign2@0.6.0
28 silly idealTree:prePrune +-- aws4@1.5.0
28 silly idealTree:prePrune +-- babel-brunch@6.0.6
28 silly idealTree:prePrune +-- babel-code-frame@6.22.0
28 silly idealTree:prePrune +-- babel-core@6.22.1
28 silly idealTree:prePrune +-- babel-generator@6.22.0
28 silly idealTree:prePrune +-- babel-helper-builder-binary-assignment-operator-visitor@6.22.0
28 silly idealTree:prePrune +-- babel-helper-call-delegate@6.22.0
28 silly idealTree:prePrune +-- babel-helper-define-map@6.22.0
28 silly idealTree:prePrune +-- babel-helper-explode-assignable-expression@6.22.0
28 silly idealTree:prePrune +-- babel-helper-function-name@6.22.0
28 silly idealTree:prePrune +-- babel-helper-get-function-arity@6.22.0
28 silly idealTree:prePrune +-- babel-helper-hoist-variables@6.22.0
28 silly idealTree:prePrune +-- babel-helper-optimise-call-expression@6.22.0
28 silly idealTree:prePrune +-- babel-helper-regex@6.22.0
28 silly idealTree:prePrune +-- babel-helper-replace-supers@6.22.0
28 silly idealTree:prePrune +-- babel-helpers@6.22.0
28 silly idealTree:prePrune +-- babel-messages@6.22.0
28 silly idealTree:prePrune +-- babel-plugin-check-es2015-constants@6.22.0
28 silly idealTree:prePrune +-- babel-plugin-syntax-exponentiation-operator@6.13.0
28 silly idealTree:prePrune +-- babel-plugin-transform-es2015-arrow-functions@6.22.0
28 silly idealTree:prePrune +-- babel-plugin-transform-es2015-block-scoped-functions@6.22.0
28 silly idealTree:prePrune +-- babel-plugin-transform-es2015-block-scoping@6.22.0
28 silly idealTree:prePrune +-- babel-plugin-transform-es2015-classes@6.22.0
28 silly idealTree:prePrune +-- babel-plugin-transform-es2015-computed-properties@6.22.0
28 silly idealTree:prePrune +-- babel-plugin-transform-es2015-destructuring@6.22.0
28 silly idealTree:prePrune +-- babel-plugin-transform-es2015-duplicate-keys@6.22.0
28 silly idealTree:prePrune +-- babel-plugin-transform-es2015-for-of@6.22.0
28 silly idealTree:prePrune +-- babel-plugin-transform-es2015-function-name@6.22.0
28 silly idealTree:prePrune +-- babel-plugin-transform-es2015-literals@6.22.0
28 silly idealTree:prePrune +-- babel-plugin-transform-es2015-modules-amd@6.22.0
28 silly idealTree:prePrune +-- babel-plugin-transform-es2015-modules-commonjs@6.22.0
28 silly idealTree:prePrune +-- babel-plugin-transform-es2015-modules-systemjs@6.22.0
28 silly idealTree:prePrune +-- babel-plugin-transform-es2015-modules-umd@6.22.0
28 silly idealTree:prePrune +-- babel-plugin-transform-es2015-object-super@6.22.0
28 silly idealTree:prePrune +-- babel-plugin-transform-es2015-parameters@6.22.0
28 silly idealTree:prePrune +-- babel-plugin-transform-es2015-shorthand-properties@6.22.0
28 silly idealTree:prePrune +-- babel-plugin-transform-es2015-spread@6.22.0
28 silly idealTree:prePrune +-- babel-plugin-transform-es2015-sticky-regex@6.22.0
28 silly idealTree:prePrune +-- babel-plugin-transform-es2015-template-literals@6.22.0
28 silly idealTree:prePrune +-- babel-plugin-transform-es2015-typeof-symbol@6.22.0
28 silly idealTree:prePrune +-- babel-plugin-transform-es2015-unicode-regex@6.22.0
28 silly idealTree:prePrune +-- babel-plugin-transform-exponentiation-operator@6.22.0
28 silly idealTree:prePrune +-- babel-plugin-transform-regenerator@6.22.0
28 silly idealTree:prePrune +-- babel-plugin-transform-runtime@6.22.0
28 silly idealTree:prePrune +-- babel-plugin-transform-strict-mode@6.22.0
28 silly idealTree:prePrune +-- babel-preset-es2015@6.22.0
28 silly idealTree:prePrune +-- babel-preset-es2016@6.22.0
28 silly idealTree:prePrune +-- babel-register@6.22.0
28 silly idealTree:prePrune +-- babel-runtime@6.22.0
28 silly idealTree:prePrune +-- babel-template@6.22.0
28 silly idealTree:prePrune +-- babel-traverse@6.22.1
28 silly idealTree:prePrune +-- babel-types@6.22.0
28 silly idealTree:prePrune +-- babylon@6.15.0
28 silly idealTree:prePrune +-- balanced-match@0.4.2
28 silly idealTree:prePrune +-- base64-js@1.2.0
28 silly idealTree:prePrune +-- bcrypt-pbkdf@1.0.0
28 silly idealTree:prePrune +-- binary-extensions@1.8.0
28 silly idealTree:prePrune +-- block-stream@0.0.9
28 silly idealTree:prePrune +-- bn.js@4.11.6
28 silly idealTree:prePrune +-- boom@2.10.1
28 silly idealTree:prePrune +-- bower-config@1.4.0
28 silly idealTree:prePrune +-- brace-expansion@1.1.6
28 silly idealTree:prePrune +-- braces@1.8.5
28 silly idealTree:prePrune +-- brorand@1.0.6
28 silly idealTree:prePrune +-- browser-resolve@1.11.2
28 silly idealTree:prePrune +-- browserify-aes@1.0.6
28 silly idealTree:prePrune +-- browserify-cipher@1.0.0
28 silly idealTree:prePrune +-- browserify-des@1.0.0
28 silly idealTree:prePrune +-- browserify-rsa@4.0.1
28 silly idealTree:prePrune +-- browserify-sign@4.0.0
28 silly idealTree:prePrune +-- browserslist@1.6.0
28 silly idealTree:prePrune +-- brunch-skeletons@0.1.5
28 silly idealTree:prePrune +-- brunch@2.7.4
28 silly idealTree:prePrune | +-- debug@2.2.0
28 silly idealTree:prePrune | `-- ms@0.7.1
28 silly idealTree:prePrune +-- buffer-shims@1.0.0
28 silly idealTree:prePrune +-- buffer-xor@1.0.3
28 silly idealTree:prePrune +-- buffer@4.3.1
28 silly idealTree:prePrune +-- builtin-modules@1.1.1
28 silly idealTree:prePrune +-- builtin-status-codes@2.0.0
28 silly idealTree:prePrune +-- camelcase-keys@2.1.0
28 silly idealTree:prePrune | `-- camelcase@2.1.1
28 silly idealTree:prePrune +-- camelcase@1.2.1
28 silly idealTree:prePrune +-- caniuse-api@1.5.2
28 silly idealTree:prePrune +-- caniuse-db@1.0.30000615
28 silly idealTree:prePrune +-- caseless@0.11.0
28 silly idealTree:prePrune +-- center-align@0.1.3
28 silly idealTree:prePrune +-- chalk@1.1.3
28 silly idealTree:prePrune +-- check-dependencies@0.12.3
28 silly idealTree:prePrune | `-- minimist@1.2.0
28 silly idealTree:prePrune +-- chokidar@1.4.3
28 silly idealTree:prePrune +-- cipher-base@1.0.3
28 silly idealTree:prePrune +-- clap@1.1.2
28 silly idealTree:prePrune +-- clean-css-brunch@2.0.0
28 silly idealTree:prePrune +-- clean-css@3.4.24
28 silly idealTree:prePrune | +-- commander@2.8.1
28 silly idealTree:prePrune | `-- source-map@0.4.4
28 silly idealTree:prePrune +-- cliui@2.1.0
28 silly idealTree:prePrune | `-- wordwrap@0.0.2
28 silly idealTree:prePrune +-- clone@1.0.2
28 silly idealTree:prePrune +-- coa@1.0.1
28 silly idealTree:prePrune +-- code-point-at@1.1.0
28 silly idealTree:prePrune +-- coffee-script@1.10.0
28 silly idealTree:prePrune +-- color-convert@1.9.0
28 silly idealTree:prePrune +-- color-name@1.1.1
28 silly idealTree:prePrune +-- color-string@0.3.0
28 silly idealTree:prePrune +-- color@0.11.4
28 silly idealTree:prePrune +-- colormin@1.1.2
28 silly idealTree:prePrune +-- colors@1.1.2
28 silly idealTree:prePrune +-- combined-stream@1.0.5
28 silly idealTree:prePrune +-- commander@2.9.0
28 silly idealTree:prePrune +-- commonjs-require-definition@0.5.0
28 silly idealTree:prePrune +-- concat-map@0.0.1
28 silly idealTree:prePrune +-- connect-slashes@1.3.1
28 silly idealTree:prePrune +-- console-control-strings@1.1.0
28 silly idealTree:prePrune +-- content-disposition@0.5.1
28 silly idealTree:prePrune +-- content-type@1.0.2
28 silly idealTree:prePrune +-- convert-source-map@1.3.0
28 silly idealTree:prePrune +-- cookie-signature@1.0.6
28 silly idealTree:prePrune +-- cookie@0.3.1
28 silly idealTree:prePrune +-- core-js@2.4.1
28 silly idealTree:prePrune +-- core-util-is@1.0.2
28 silly idealTree:prePrune +-- create-ecdh@4.0.0
28 silly idealTree:prePrune +-- create-hash@1.1.2
28 silly idealTree:prePrune +-- create-hmac@1.1.4
28 silly idealTree:prePrune +-- cross-spawn@3.0.1
28 silly idealTree:prePrune +-- cryptiles@2.0.5
28 silly idealTree:prePrune +-- crypto-browserify@3.11.0
28 silly idealTree:prePrune +-- css-brunch@2.0.0
28 silly idealTree:prePrune +-- css-color-names@0.0.4
28 silly idealTree:prePrune +-- cssnano@3.10.0
28 silly idealTree:prePrune +-- csso@2.2.1
28 silly idealTree:prePrune +-- currently-unhandled@0.4.1
28 silly idealTree:prePrune +-- dashdash@1.14.1
28 silly idealTree:prePrune | `-- assert-plus@1.0.0
28 silly idealTree:prePrune +-- de-indent@1.0.2
28 silly idealTree:prePrune +-- debug@2.6.0
28 silly idealTree:prePrune +-- decamelize@1.2.0
28 silly idealTree:prePrune +-- deep-assign@2.0.0
28 silly idealTree:prePrune +-- defined@1.0.0
28 silly idealTree:prePrune +-- delayed-stream@1.0.0
28 silly idealTree:prePrune +-- delegates@1.0.0
28 silly idealTree:prePrune +-- depd@1.1.0
28 silly idealTree:prePrune +-- deppack@0.4.4
28 silly idealTree:prePrune +-- des.js@1.0.0
28 silly idealTree:prePrune +-- destroy@1.0.4
28 silly idealTree:prePrune +-- detect-file@0.1.0
28 silly idealTree:prePrune +-- detect-indent@4.0.0
28 silly idealTree:prePrune +-- detective@4.3.2
28 silly idealTree:prePrune +-- diffie-hellman@5.0.2
28 silly idealTree:prePrune +-- domain-browser@1.1.7
28 silly idealTree:prePrune +-- ecc-jsbn@0.1.1
28 silly idealTree:prePrune +-- ee-first@1.1.1
28 silly idealTree:prePrune +-- electron-to-chromium@1.2.1
28 silly idealTree:prePrune +-- elliptic@6.3.2
28 silly idealTree:prePrune +-- encodeurl@1.0.1
28 silly idealTree:prePrune +-- error-ex@1.3.0
28 silly idealTree:prePrune +-- escape-html@1.0.3
28 silly idealTree:prePrune +-- escape-string-regexp@1.0.5
28 silly idealTree:prePrune +-- esprima@2.7.3
28 silly idealTree:prePrune +-- esutils@2.0.2
28 silly idealTree:prePrune +-- etag@1.7.0
28 silly idealTree:prePrune +-- events@1.1.1
28 silly idealTree:prePrune +-- evp_bytestokey@1.0.0
28 silly idealTree:prePrune +-- expand-brackets@0.1.5
28 silly idealTree:prePrune +-- expand-range@1.8.2
28 silly idealTree:prePrune +-- expand-tilde@1.2.2
28 silly idealTree:prePrune +-- express@4.14.0
28 silly idealTree:prePrune | +-- debug@2.2.0
28 silly idealTree:prePrune | `-- ms@0.7.1
28 silly idealTree:prePrune +-- extend@3.0.0
28 silly idealTree:prePrune +-- extglob@0.3.2
28 silly idealTree:prePrune +-- extsprintf@1.0.2
28 silly idealTree:prePrune +-- fast-levenshtein@1.1.4
28 silly idealTree:prePrune +-- fcache@0.1.1
28 silly idealTree:prePrune +-- filename-regex@2.0.0
28 silly idealTree:prePrune +-- fill-range@2.2.3
28 silly idealTree:prePrune +-- finalhandler@0.5.0
28 silly idealTree:prePrune | +-- debug@2.2.0
28 silly idealTree:prePrune | `-- ms@0.7.1
28 silly idealTree:prePrune +-- find-up@1.1.2
28 silly idealTree:prePrune +-- findup-sync@0.4.3
28 silly idealTree:prePrune +-- flatten@1.0.2
28 silly idealTree:prePrune +-- for-in@0.1.6
28 silly idealTree:prePrune +-- for-own@0.1.4
28 silly idealTree:prePrune +-- forever-agent@0.6.1
28 silly idealTree:prePrune +-- form-data@2.1.2
28 silly idealTree:prePrune +-- forwarded@0.1.0
28 silly idealTree:prePrune +-- fresh@0.3.0
28 silly idealTree:prePrune +-- fs-exists-sync@0.1.0
28 silly idealTree:prePrune +-- fs.realpath@1.0.0
28 silly idealTree:prePrune +-- fstream@1.0.10
28 silly idealTree:prePrune +-- function-bind@1.1.0
28 silly idealTree:prePrune +-- gauge@2.7.2
28 silly idealTree:prePrune | `-- supports-color@0.2.0
28 silly idealTree:prePrune +-- gaze@1.1.2
28 silly idealTree:prePrune +-- generate-function@2.0.0
28 silly idealTree:prePrune +-- generate-object-property@1.2.0
28 silly idealTree:prePrune +-- get-caller-file@1.0.2
28 silly idealTree:prePrune +-- get-stdin@4.0.1
28 silly idealTree:prePrune +-- getpass@0.1.6
28 silly idealTree:prePrune | `-- assert-plus@1.0.0
28 silly idealTree:prePrune +-- glob-base@0.3.0
28 silly idealTree:prePrune +-- glob-parent@2.0.0
28 silly idealTree:prePrune +-- glob@7.1.1
28 silly idealTree:prePrune +-- global-modules@0.2.3
28 silly idealTree:prePrune +-- global-prefix@0.1.5
28 silly idealTree:prePrune +-- globals@9.14.0
28 silly idealTree:prePrune +-- globule@1.1.0
28 silly idealTree:prePrune | `-- lodash@4.16.6
28 silly idealTree:prePrune +-- graceful-fs@4.1.11
28 silly idealTree:prePrune +-- graceful-readlink@1.0.1
28 silly idealTree:prePrune +-- growl@1.8.1
28 silly idealTree:prePrune +-- hammerjs@2.0.8
28 silly idealTree:prePrune +-- har-validator@2.0.6
28 silly idealTree:prePrune +-- has-ansi@2.0.0
28 silly idealTree:prePrune +-- has-flag@1.0.0
28 silly idealTree:prePrune +-- has-unicode@2.0.1
28 silly idealTree:prePrune +-- has@1.0.1
28 silly idealTree:prePrune +-- hash-sum@1.0.2
28 silly idealTree:prePrune +-- hash.js@1.0.3
28 silly idealTree:prePrune +-- hawk@3.1.3
28 silly idealTree:prePrune +-- he@1.1.1
28 silly idealTree:prePrune +-- hoek@2.16.3
28 silly idealTree:prePrune +-- home-or-tmp@2.0.0
28 silly idealTree:prePrune +-- homedir-polyfill@1.0.1
28 silly idealTree:prePrune +-- hosted-git-info@2.1.5
28 silly idealTree:prePrune +-- html-comment-regex@1.1.1
28 silly idealTree:prePrune +-- http-errors@1.5.1
28 silly idealTree:prePrune +-- http-signature@1.1.1
28 silly idealTree:prePrune +-- https-browserify@0.0.1
28 silly idealTree:prePrune +-- ieee754@1.1.8
28 silly idealTree:prePrune +-- in-publish@2.0.0
28 silly idealTree:prePrune +-- indent-string@2.1.0
28 silly idealTree:prePrune +-- indexes-of@1.0.1
28 silly idealTree:prePrune +-- indexof@0.0.1
28 silly idealTree:prePrune +-- inflight@1.0.6
28 silly idealTree:prePrune +-- inherits@2.0.3
28 silly idealTree:prePrune +-- ini@1.3.4
28 silly idealTree:prePrune +-- init-skeleton@0.9.5
28 silly idealTree:prePrune +-- insert-css@2.0.0
28 silly idealTree:prePrune +-- interpret@1.0.1
28 silly idealTree:prePrune +-- invariant@2.2.2
28 silly idealTree:prePrune +-- invert-kv@1.0.0
28 silly idealTree:prePrune +-- ipaddr.js@1.2.0
28 silly idealTree:prePrune +-- is-absolute-url@2.1.0
28 silly idealTree:prePrune +-- is-arrayish@0.2.1
28 silly idealTree:prePrune +-- is-binary-path@1.0.1
28 silly idealTree:prePrune +-- is-buffer@1.1.4
28 silly idealTree:prePrune +-- is-builtin-module@1.0.0
28 silly idealTree:prePrune +-- is-dotfile@1.0.2
28 silly idealTree:prePrune +-- is-equal-shallow@0.1.3
28 silly idealTree:prePrune +-- is-extendable@0.1.1
28 silly idealTree:prePrune +-- is-extglob@1.0.0
28 silly idealTree:prePrune +-- is-finite@1.0.2
28 silly idealTree:prePrune +-- is-fullwidth-code-point@1.0.0
28 silly idealTree:prePrune +-- is-glob@2.0.1
28 silly idealTree:prePrune +-- is-my-json-valid@2.15.0
28 silly idealTree:prePrune +-- is-number@2.1.0
28 silly idealTree:prePrune +-- is-obj@1.0.1
28 silly idealTree:prePrune +-- is-plain-obj@1.1.0
28 silly idealTree:prePrune +-- is-posix-bracket@0.1.1
28 silly idealTree:prePrune +-- is-primitive@2.0.0
28 silly idealTree:prePrune +-- is-property@1.0.2
28 silly idealTree:prePrune +-- is-svg@2.1.0
28 silly idealTree:prePrune +-- is-typedarray@1.0.0
28 silly idealTree:prePrune +-- is-utf8@0.2.1
28 silly idealTree:prePrune +-- is-windows@0.2.0
28 silly idealTree:prePrune +-- isarray@1.0.0
28 silly idealTree:prePrune +-- isexe@1.1.2
28 silly idealTree:prePrune +-- isobject@2.1.0
28 silly idealTree:prePrune +-- isstream@0.1.2
28 silly idealTree:prePrune +-- javascript-brunch@2.0.0
28 silly idealTree:prePrune +-- jodid25519@1.0.2
28 silly idealTree:prePrune +-- jquery@2.2.4
28 silly idealTree:prePrune +-- js-base64@2.1.9
28 silly idealTree:prePrune +-- js-tokens@3.0.0
28 silly idealTree:prePrune +-- js-yaml@3.6.1
28 silly idealTree:prePrune +-- jsbn@0.1.0
28 silly idealTree:prePrune +-- jsesc@1.3.0
28 silly idealTree:prePrune +-- json-schema@0.2.3
28 silly idealTree:prePrune +-- json-stringify-safe@5.0.1
28 silly idealTree:prePrune +-- json5@0.5.1
28 silly idealTree:prePrune +-- jsonpointer@4.0.1
28 silly idealTree:prePrune +-- jsprim@1.3.1
28 silly idealTree:prePrune +-- kind-of@3.1.0
28 silly idealTree:prePrune +-- lazy-cache@1.0.4
28 silly idealTree:prePrune +-- lcid@1.0.0
28 silly idealTree:prePrune +-- load-json-file@1.1.0
28 silly idealTree:prePrune +-- lodash.assign@4.2.0
28 silly idealTree:prePrune +-- lodash.clonedeep@4.5.0
28 silly idealTree:prePrune +-- lodash.indexof@4.0.5
28 silly idealTree:prePrune +-- lodash.memoize@4.1.2
28 silly idealTree:prePrune +-- lodash.mergewith@4.6.0
28 silly idealTree:prePrune +-- lodash.uniq@4.5.0
28 silly idealTree:prePrune +-- lodash@4.17.4
28 silly idealTree:prePrune +-- loggy@0.3.5
28 silly idealTree:prePrune +-- longest@1.0.1
28 silly idealTree:prePrune +-- loose-envify@1.3.1
28 silly idealTree:prePrune +-- loud-rejection@1.6.0
28 silly idealTree:prePrune +-- lru-cache@4.0.2
28 silly idealTree:prePrune +-- macaddress@0.2.8
28 silly idealTree:prePrune +-- map-obj@1.0.1
28 silly idealTree:prePrune +-- materialize-css@0.97.8
28 silly idealTree:prePrune +-- math-expression-evaluator@1.2.15
28 silly idealTree:prePrune +-- media-typer@0.3.0
28 silly idealTree:prePrune +-- meow@3.7.0
28 silly idealTree:prePrune | `-- minimist@1.2.0
28 silly idealTree:prePrune +-- merge-descriptors@1.0.1
28 silly idealTree:prePrune +-- methods@1.1.2
28 silly idealTree:prePrune +-- micro-promisify@0.1.1
28 silly idealTree:prePrune +-- micromatch@2.3.11
28 silly idealTree:prePrune +-- miller-rabin@4.0.0
28 silly idealTree:prePrune +-- mime-db@1.26.0
28 silly idealTree:prePrune +-- mime-types@2.1.14
28 silly idealTree:prePrune +-- mime@1.3.4
28 silly idealTree:prePrune +-- minimalistic-assert@1.0.0
28 silly idealTree:prePrune +-- minimatch@3.0.3
28 silly idealTree:prePrune +-- minimist@0.0.8
28 silly idealTree:prePrune +-- mkdirp@0.5.1
28 silly idealTree:prePrune +-- mout@1.0.0
28 silly idealTree:prePrune +-- ms@0.7.2
28 silly idealTree:prePrune +-- nan@2.5.1
28 silly idealTree:prePrune +-- ncp@2.0.0
28 silly idealTree:prePrune +-- negotiator@0.6.1
28 silly idealTree:prePrune +-- node-archiver@0.3.0
28 silly idealTree:prePrune +-- node-browser-modules@0.1.0
28 silly idealTree:prePrune | `-- readable-stream@2.0.6
28 silly idealTree:prePrune +-- node-gyp@3.5.0
28 silly idealTree:prePrune +-- node-sass@4.3.0
28 silly idealTree:prePrune +-- nopt@3.0.6
28 silly idealTree:prePrune +-- normalize-git-url@3.0.2
28 silly idealTree:prePrune +-- normalize-package-data@2.3.5
28 silly idealTree:prePrune +-- normalize-path@2.0.1
28 silly idealTree:prePrune +-- normalize-range@0.1.2
28 silly idealTree:prePrune +-- normalize-url@1.9.0
28 silly idealTree:prePrune +-- npmlog@4.0.2
28 silly idealTree:prePrune +-- num2fraction@1.2.2
28 silly idealTree:prePrune +-- number-is-nan@1.0.1
28 silly idealTree:prePrune +-- oauth-sign@0.8.2
28 silly idealTree:prePrune +-- object-assign@4.1.1
28 silly idealTree:prePrune +-- object.omit@2.0.1
28 silly idealTree:prePrune +-- on-finished@2.3.0
28 silly idealTree:prePrune +-- once@1.4.0
28 silly idealTree:prePrune +-- optimist@0.6.1
28 silly idealTree:prePrune +-- os-browserify@0.2.1
28 silly idealTree:prePrune +-- os-homedir@1.0.2
28 silly idealTree:prePrune +-- os-locale@1.4.0
28 silly idealTree:prePrune +-- os-tmpdir@1.0.2
28 silly idealTree:prePrune +-- osenv@0.1.4
28 silly idealTree:prePrune +-- parse-asn1@5.0.0
28 silly idealTree:prePrune +-- parse-glob@3.0.4
28 silly idealTree:prePrune +-- parse-json@2.2.0
28 silly idealTree:prePrune +-- parse-passwd@1.0.0
28 silly idealTree:prePrune +-- parseurl@1.3.1
28 silly idealTree:prePrune +-- path-browserify@0.0.0
28 silly idealTree:prePrune +-- path-exists@2.1.0
28 silly idealTree:prePrune +-- path-is-absolute@1.0.1
28 silly idealTree:prePrune +-- path-to-regexp@0.1.7
28 silly idealTree:prePrune +-- path-type@1.1.0
28 silly idealTree:prePrune +-- pbkdf2@3.0.9
28 silly idealTree:prePrune +-- phoenix_html@2.9.2
28 silly idealTree:prePrune +-- phoenix@1.2.1
28 silly idealTree:prePrune +-- pify@2.3.0
28 silly idealTree:prePrune +-- pinkie-promise@2.0.1
28 silly idealTree:prePrune +-- pinkie@2.0.4
28 silly idealTree:prePrune +-- postcss-calc@5.3.1
28 silly idealTree:prePrune +-- postcss-colormin@2.2.1
28 silly idealTree:prePrune +-- postcss-convert-values@2.6.0
28 silly idealTree:prePrune +-- postcss-discard-comments@2.0.4
28 silly idealTree:prePrune +-- postcss-discard-duplicates@2.0.2
28 silly idealTree:prePrune +-- postcss-discard-empty@2.1.0
28 silly idealTree:prePrune +-- postcss-discard-overridden@0.1.1
28 silly idealTree:prePrune +-- postcss-discard-unused@2.2.3
28 silly idealTree:prePrune +-- postcss-filter-plugins@2.0.2
28 silly idealTree:prePrune +-- postcss-merge-idents@2.1.7
28 silly idealTree:prePrune +-- postcss-merge-longhand@2.0.2
28 silly idealTree:prePrune +-- postcss-merge-rules@2.1.1
28 silly idealTree:prePrune +-- postcss-message-helpers@2.0.0
28 silly idealTree:prePrune +-- postcss-minify-font-values@1.0.5
28 silly idealTree:prePrune +-- postcss-minify-gradients@1.0.5
28 silly idealTree:prePrune +-- postcss-minify-params@1.2.2
28 silly idealTree:prePrune +-- postcss-minify-selectors@2.1.1
28 silly idealTree:prePrune +-- postcss-normalize-charset@1.1.1
28 silly idealTree:prePrune +-- postcss-normalize-url@3.0.8
28 silly idealTree:prePrune +-- postcss-ordered-values@2.2.3
28 silly idealTree:prePrune +-- postcss-reduce-idents@2.4.0
28 silly idealTree:prePrune +-- postcss-reduce-initial@1.0.1
28 silly idealTree:prePrune +-- postcss-reduce-transforms@1.0.4
28 silly idealTree:prePrune +-- postcss-selector-parser@2.2.2
28 silly idealTree:prePrune +-- postcss-svgo@2.1.6
28 silly idealTree:prePrune +-- postcss-unique-selectors@2.0.2
28 silly idealTree:prePrune +-- postcss-value-parser@3.3.0
28 silly idealTree:prePrune +-- postcss-zindex@2.2.0
28 silly idealTree:prePrune +-- postcss@5.2.11
28 silly idealTree:prePrune | `-- supports-color@3.2.3
28 silly idealTree:prePrune +-- prepend-http@1.0.4
28 silly idealTree:prePrune +-- preserve@0.2.0
28 silly idealTree:prePrune +-- private@0.1.6
28 silly idealTree:prePrune +-- process-nextick-args@1.0.7
28 silly idealTree:prePrune +-- process@0.11.9
28 silly idealTree:prePrune +-- proxy-addr@1.1.3
28 silly idealTree:prePrune +-- pseudomap@1.0.2
28 silly idealTree:prePrune +-- public-encrypt@4.0.0
28 silly idealTree:prePrune +-- punycode@1.4.1
28 silly idealTree:prePrune +-- pushserve@1.0.2
28 silly idealTree:prePrune +-- q@1.4.1
28 silly idealTree:prePrune +-- qs@6.2.0
28 silly idealTree:prePrune +-- query-string@4.3.1
28 silly idealTree:prePrune +-- querystring-es3@0.2.1
28 silly idealTree:prePrune +-- querystring@0.2.0
28 silly idealTree:prePrune +-- quickly-copy-file@1.0.0
28 silly idealTree:prePrune +-- randomatic@1.1.6
28 silly idealTree:prePrune +-- randombytes@2.0.3
28 silly idealTree:prePrune +-- range-parser@1.2.0
28 silly idealTree:prePrune +-- read-components@0.7.0
28 silly idealTree:prePrune +-- read-pkg-up@1.0.1
28 silly idealTree:prePrune +-- read-pkg@1.1.0
28 silly idealTree:prePrune +-- readable-stream@2.2.2
28 silly idealTree:prePrune +-- readdirp@2.1.0
28 silly idealTree:prePrune +-- rechoir@0.6.2
28 silly idealTree:prePrune +-- redent@1.0.0
28 silly idealTree:prePrune +-- reduce-css-calc@1.3.0
28 silly idealTree:prePrune +-- reduce-function-call@1.0.2
28 silly idealTree:prePrune +-- regenerate@1.3.2
28 silly idealTree:prePrune +-- regenerator-runtime@0.10.1
28 silly idealTree:prePrune +-- regenerator-transform@0.9.8
28 silly idealTree:prePrune +-- regex-cache@0.4.3
28 silly idealTree:prePrune +-- regexpu-core@2.0.0
28 silly idealTree:prePrune +-- regjsgen@0.2.0
28 silly idealTree:prePrune +-- regjsparser@0.1.5
28 silly idealTree:prePrune | `-- jsesc@0.5.0
28 silly idealTree:prePrune +-- repeat-element@1.1.2
28 silly idealTree:prePrune +-- repeat-string@1.6.1
28 silly idealTree:prePrune +-- repeating@2.0.1
28 silly idealTree:prePrune +-- request@2.79.0
28 silly idealTree:prePrune | `-- qs@6.3.0
28 silly idealTree:prePrune +-- require-directory@2.1.1
28 silly idealTree:prePrune +-- require-main-filename@1.0.1
28 silly idealTree:prePrune +-- resolve-dir@0.1.1
28 silly idealTree:prePrune +-- resolve@1.1.7
28 silly idealTree:prePrune +-- right-align@0.1.3
28 silly idealTree:prePrune +-- rimraf@2.5.4
28 silly idealTree:prePrune +-- ripemd160@1.0.1
28 silly idealTree:prePrune +-- sass-graph@2.1.2
28 silly idealTree:prePrune | +-- cliui@3.2.0
28 silly idealTree:prePrune | +-- window-size@0.2.0
28 silly idealTree:prePrune | `-- yargs@4.8.1
28 silly idealTree:prePrune +-- sax@1.2.1
28 silly idealTree:prePrune +-- semver@5.3.0
28 silly idealTree:prePrune +-- send@0.14.1
28 silly idealTree:prePrune | +-- debug@2.2.0
28 silly idealTree:prePrune | `-- ms@0.7.1
28 silly idealTree:prePrune +-- serve-brunch@0.1.2
28 silly idealTree:prePrune +-- serve-static@1.11.2
28 silly idealTree:prePrune | +-- debug@2.2.0
28 silly idealTree:prePrune | | `-- ms@0.7.1
28 silly idealTree:prePrune | `-- send@0.14.2
28 silly idealTree:prePrune +-- set-blocking@2.0.0
28 silly idealTree:prePrune +-- set-immediate-shim@1.0.1
28 silly idealTree:prePrune +-- setprototypeof@1.0.2
28 silly idealTree:prePrune +-- sha.js@2.4.8
28 silly idealTree:prePrune +-- shelljs@0.7.6
28 silly idealTree:prePrune +-- signal-exit@3.0.2
28 silly idealTree:prePrune +-- since-app-start@0.1.0
28 silly idealTree:prePrune +-- skemata@0.1.2
28 silly idealTree:prePrune +-- slash@1.0.0
28 silly idealTree:prePrune +-- sntp@1.0.9
28 silly idealTree:prePrune +-- sort-keys@1.1.2
28 silly idealTree:prePrune +-- source-map-support@0.4.10
28 silly idealTree:prePrune +-- source-map@0.5.6
28 silly idealTree:prePrune +-- spdx-correct@1.0.2
28 silly idealTree:prePrune +-- spdx-expression-parse@1.0.4
28 silly idealTree:prePrune +-- spdx-license-ids@1.2.2
28 silly idealTree:prePrune +-- sprintf-js@1.0.3
28 silly idealTree:prePrune +-- sshpk@1.10.2
28 silly idealTree:prePrune | `-- assert-plus@1.0.0
28 silly idealTree:prePrune +-- statuses@1.3.1
28 silly idealTree:prePrune +-- stdout-stream@1.4.0
28 silly idealTree:prePrune +-- stream-browserify@2.0.1
28 silly idealTree:prePrune +-- stream-http@2.1.1
28 silly idealTree:prePrune +-- strict-uri-encode@1.1.0
28 silly idealTree:prePrune +-- string_decoder@0.10.31
28 silly idealTree:prePrune +-- string-width@1.0.2
28 silly idealTree:prePrune +-- stringstream@0.0.5
28 silly idealTree:prePrune +-- strip-ansi@3.0.1
28 silly idealTree:prePrune +-- strip-bom@2.0.0
28 silly idealTree:prePrune +-- strip-indent@1.0.1
28 silly idealTree:prePrune +-- supports-color@2.0.0
28 silly idealTree:prePrune +-- svgo@0.7.1
28 silly idealTree:prePrune +-- tar@2.2.1
28 silly idealTree:prePrune +-- through@2.3.8
28 silly idealTree:prePrune +-- timers-browserify@1.4.2
28 silly idealTree:prePrune +-- to-arraybuffer@1.0.1
28 silly idealTree:prePrune +-- to-fast-properties@1.0.2
28 silly idealTree:prePrune +-- tough-cookie@2.3.2
28 silly idealTree:prePrune +-- trim-newlines@1.0.0
28 silly idealTree:prePrune +-- true-case-path@1.0.2
28 silly idealTree:prePrune | `-- glob@6.0.4
28 silly idealTree:prePrune +-- tty-browserify@0.0.0
28 silly idealTree:prePrune +-- tunnel-agent@0.4.3
28 silly idealTree:prePrune +-- tweetnacl@0.14.5
28 silly idealTree:prePrune +-- type-is@1.6.14
28 silly idealTree:prePrune +-- uglify-js-brunch@2.0.1
28 silly idealTree:prePrune +-- uglify-js@2.6.4
28 silly idealTree:prePrune +-- uglify-to-browserify@1.0.2
28 silly idealTree:prePrune +-- uniq@1.0.1
28 silly idealTree:prePrune +-- uniqid@4.1.1
28 silly idealTree:prePrune +-- uniqs@2.0.0
28 silly idealTree:prePrune +-- unpipe@1.0.0
28 silly idealTree:prePrune +-- untildify@2.1.0
28 silly idealTree:prePrune +-- url@0.11.0
28 silly idealTree:prePrune | `-- punycode@1.3.2
28 silly idealTree:prePrune +-- util-deprecate@1.0.2
28 silly idealTree:prePrune +-- util@0.10.3
28 silly idealTree:prePrune | `-- inherits@2.0.1
28 silly idealTree:prePrune +-- utils-merge@1.0.0
28 silly idealTree:prePrune +-- uuid@3.0.1
28 silly idealTree:prePrune +-- validate-npm-package-license@3.0.1
28 silly idealTree:prePrune +-- vary@1.1.0
28 silly idealTree:prePrune +-- vendors@1.0.1
28 silly idealTree:prePrune +-- verror@1.3.6
28 silly idealTree:prePrune +-- vm-browserify@0.0.4
28 silly idealTree:prePrune +-- vue-brunch@2.0.0
28 silly idealTree:prePrune +-- vue-hot-reload-api@2.0.8
28 silly idealTree:prePrune +-- vue-resource@1.0.3
28 silly idealTree:prePrune +-- vue-router@2.1.3
28 silly idealTree:prePrune +-- vue-template-compiler@2.1.10
28 silly idealTree:prePrune +-- vue-template-es2015-compiler@1.5.0
28 silly idealTree:prePrune +-- vue@2.1.10
28 silly idealTree:prePrune +-- vueify-insert-css@1.0.0
28 silly idealTree:prePrune +-- vueify@9.4.0
28 silly idealTree:prePrune +-- whet.extend@0.9.9
28 silly idealTree:prePrune +-- which-module@1.0.0
28 silly idealTree:prePrune +-- which@1.2.12
28 silly idealTree:prePrune +-- wide-align@1.1.0
28 silly idealTree:prePrune +-- window-size@0.1.0
28 silly idealTree:prePrune +-- wordwrap@0.0.3
28 silly idealTree:prePrune +-- wrap-ansi@2.1.0
28 silly idealTree:prePrune +-- wrappy@1.0.2
28 silly idealTree:prePrune +-- xtend@4.0.1
28 silly idealTree:prePrune +-- y18n@3.2.1
28 silly idealTree:prePrune +-- yallist@2.0.0
28 silly idealTree:prePrune +-- yargs-parser@2.4.1
28 silly idealTree:prePrune | `-- camelcase@3.0.0
28 silly idealTree:prePrune `-- yargs@3.10.0
29 silly loadIdealTree Finishing
30 silly currentTree discuss_vue
30 silly currentTree +-- abbrev@1.0.9
30 silly currentTree +-- accepts@1.3.3
30 silly currentTree +-- acorn@3.3.0
30 silly currentTree +-- align-text@0.1.4
30 silly currentTree +-- alphanum-sort@1.0.2
30 silly currentTree +-- amdefine@1.0.1
30 silly currentTree +-- ansi-regex@2.1.1
30 silly currentTree +-- ansi-styles@2.2.1
30 silly currentTree +-- ansicolors@0.3.2
30 silly currentTree +-- anymatch@1.3.0
30 silly currentTree +-- anysort@1.0.1
30 silly currentTree +-- aproba@1.0.4
30 silly currentTree +-- are-we-there-yet@1.1.2
30 silly currentTree +-- argparse@1.0.9
30 silly currentTree +-- arr-diff@2.0.0
30 silly currentTree +-- arr-flatten@1.0.1
30 silly currentTree +-- array-find-index@1.0.2
30 silly currentTree +-- array-flatten@1.1.1
30 silly currentTree +-- array-unique@0.2.1
30 silly currentTree +-- arrify@1.0.1
30 silly currentTree +-- asn1.js@4.9.1
30 silly currentTree +-- asn1@0.2.3
30 silly currentTree +-- assert-plus@0.2.0
30 silly currentTree +-- assert@1.3.0
30 silly currentTree +-- async-each@1.0.1
30 silly currentTree +-- async-foreach@0.1.3
30 silly currentTree +-- async@0.2.10
30 silly currentTree +-- asynckit@0.4.0
30 silly currentTree +-- autoprefixer@6.7.0
30 silly currentTree +-- aws-sign2@0.6.0
30 silly currentTree +-- aws4@1.5.0
30 silly currentTree +-- babel-brunch@6.0.6
30 silly currentTree +-- babel-code-frame@6.22.0
30 silly currentTree +-- babel-core@6.22.1
30 silly currentTree +-- babel-generator@6.22.0
30 silly currentTree +-- babel-helper-builder-binary-assignment-operator-visitor@6.22.0
30 silly currentTree +-- babel-helper-call-delegate@6.22.0
30 silly currentTree +-- babel-helper-define-map@6.22.0
30 silly currentTree +-- babel-helper-explode-assignable-expression@6.22.0
30 silly currentTree +-- babel-helper-function-name@6.22.0
30 silly currentTree +-- babel-helper-get-function-arity@6.22.0
30 silly currentTree +-- babel-helper-hoist-variables@6.22.0
30 silly currentTree +-- babel-helper-optimise-call-expression@6.22.0
30 silly currentTree +-- babel-helper-regex@6.22.0
30 silly currentTree +-- babel-helper-replace-supers@6.22.0
30 silly currentTree +-- babel-helpers@6.22.0
30 silly currentTree +-- babel-messages@6.22.0
30 silly currentTree +-- babel-plugin-check-es2015-constants@6.22.0
30 silly currentTree +-- babel-plugin-syntax-exponentiation-operator@6.13.0
30 silly currentTree +-- babel-plugin-transform-es2015-arrow-functions@6.22.0
30 silly currentTree +-- babel-plugin-transform-es2015-block-scoped-functions@6.22.0
30 silly currentTree +-- babel-plugin-transform-es2015-block-scoping@6.22.0
30 silly currentTree +-- babel-plugin-transform-es2015-classes@6.22.0
30 silly currentTree +-- babel-plugin-transform-es2015-computed-properties@6.22.0
30 silly currentTree +-- babel-plugin-transform-es2015-destructuring@6.22.0
30 silly currentTree +-- babel-plugin-transform-es2015-duplicate-keys@6.22.0
30 silly currentTree +-- babel-plugin-transform-es2015-for-of@6.22.0
30 silly currentTree +-- babel-plugin-transform-es2015-function-name@6.22.0
30 silly currentTree +-- babel-plugin-transform-es2015-literals@6.22.0
30 silly currentTree +-- babel-plugin-transform-es2015-modules-amd@6.22.0
30 silly currentTree +-- babel-plugin-transform-es2015-modules-commonjs@6.22.0
30 silly currentTree +-- babel-plugin-transform-es2015-modules-systemjs@6.22.0
30 silly currentTree +-- babel-plugin-transform-es2015-modules-umd@6.22.0
30 silly currentTree +-- babel-plugin-transform-es2015-object-super@6.22.0
30 silly currentTree +-- babel-plugin-transform-es2015-parameters@6.22.0
30 silly currentTree +-- babel-plugin-transform-es2015-shorthand-properties@6.22.0
30 silly currentTree +-- babel-plugin-transform-es2015-spread@6.22.0
30 silly currentTree +-- babel-plugin-transform-es2015-sticky-regex@6.22.0
30 silly currentTree +-- babel-plugin-transform-es2015-template-literals@6.22.0
30 silly currentTree +-- babel-plugin-transform-es2015-typeof-symbol@6.22.0
30 silly currentTree +-- babel-plugin-transform-es2015-unicode-regex@6.22.0
30 silly currentTree +-- babel-plugin-transform-exponentiation-operator@6.22.0
30 silly currentTree +-- babel-plugin-transform-regenerator@6.22.0
30 silly currentTree +-- babel-plugin-transform-runtime@6.22.0
30 silly currentTree +-- babel-plugin-transform-strict-mode@6.22.0
30 silly currentTree +-- babel-preset-es2015@6.22.0
30 silly currentTree +-- babel-preset-es2016@6.22.0
30 silly currentTree +-- babel-register@6.22.0
30 silly currentTree +-- babel-runtime@6.22.0
30 silly currentTree +-- babel-template@6.22.0
30 silly currentTree +-- babel-traverse@6.22.1
30 silly currentTree +-- babel-types@6.22.0
30 silly currentTree +-- babylon@6.15.0
30 silly currentTree +-- balanced-match@0.4.2
30 silly currentTree +-- base64-js@1.2.0
30 silly currentTree +-- bcrypt-pbkdf@1.0.0
30 silly currentTree +-- binary-extensions@1.8.0
30 silly currentTree +-- block-stream@0.0.9
30 silly currentTree +-- bn.js@4.11.6
30 silly currentTree +-- boom@2.10.1
30 silly currentTree +-- bower-config@1.4.0
30 silly currentTree +-- brace-expansion@1.1.6
30 silly currentTree +-- braces@1.8.5
30 silly currentTree +-- brorand@1.0.6
30 silly currentTree +-- browser-resolve@1.11.2
30 silly currentTree +-- browserify-aes@1.0.6
30 silly currentTree +-- browserify-cipher@1.0.0
30 silly currentTree +-- browserify-des@1.0.0
30 silly currentTree +-- browserify-rsa@4.0.1
30 silly currentTree +-- browserify-sign@4.0.0
30 silly currentTree +-- browserslist@1.6.0
30 silly currentTree +-- brunch-skeletons@0.1.5
30 silly currentTree +-- brunch@2.7.4
30 silly currentTree | +-- debug@2.2.0
30 silly currentTree | `-- ms@0.7.1
30 silly currentTree +-- buffer-shims@1.0.0
30 silly currentTree +-- buffer-xor@1.0.3
30 silly currentTree +-- buffer@4.3.1
30 silly currentTree +-- builtin-modules@1.1.1
30 silly currentTree +-- builtin-status-codes@2.0.0
30 silly currentTree +-- camelcase-keys@2.1.0
30 silly currentTree | `-- camelcase@2.1.1
30 silly currentTree +-- camelcase@1.2.1
30 silly currentTree +-- caniuse-api@1.5.2
30 silly currentTree +-- caniuse-db@1.0.30000615
30 silly currentTree +-- caseless@0.11.0
30 silly currentTree +-- center-align@0.1.3
30 silly currentTree +-- chalk@1.1.3
30 silly currentTree +-- check-dependencies@0.12.3
30 silly currentTree | `-- minimist@1.2.0
30 silly currentTree +-- chokidar@1.4.3
30 silly currentTree +-- cipher-base@1.0.3
30 silly currentTree +-- clap@1.1.2
30 silly currentTree +-- clean-css-brunch@2.0.0
30 silly currentTree +-- clean-css@3.4.24
30 silly currentTree | +-- commander@2.8.1
30 silly currentTree | `-- source-map@0.4.4
30 silly currentTree +-- cliui@2.1.0
30 silly currentTree | `-- wordwrap@0.0.2
30 silly currentTree +-- clone@1.0.2
30 silly currentTree +-- coa@1.0.1
30 silly currentTree +-- code-point-at@1.1.0
30 silly currentTree +-- coffee-script@1.10.0
30 silly currentTree +-- color-convert@1.9.0
30 silly currentTree +-- color-name@1.1.1
30 silly currentTree +-- color-string@0.3.0
30 silly currentTree +-- color@0.11.4
30 silly currentTree +-- colormin@1.1.2
30 silly currentTree +-- colors@1.1.2
30 silly currentTree +-- combined-stream@1.0.5
30 silly currentTree +-- commander@2.9.0
30 silly currentTree +-- commonjs-require-definition@0.5.0
30 silly currentTree +-- concat-map@0.0.1
30 silly currentTree +-- connect-slashes@1.3.1
30 silly currentTree +-- console-control-strings@1.1.0
30 silly currentTree +-- content-disposition@0.5.1
30 silly currentTree +-- content-type@1.0.2
30 silly currentTree +-- convert-source-map@1.3.0
30 silly currentTree +-- cookie-signature@1.0.6
30 silly currentTree +-- cookie@0.3.1
30 silly currentTree +-- core-js@2.4.1
30 silly currentTree +-- core-util-is@1.0.2
30 silly currentTree +-- create-ecdh@4.0.0
30 silly currentTree +-- create-hash@1.1.2
30 silly currentTree +-- create-hmac@1.1.4
30 silly currentTree +-- cross-spawn@3.0.1
30 silly currentTree +-- cryptiles@2.0.5
30 silly currentTree +-- crypto-browserify@3.11.0
30 silly currentTree +-- css-brunch@2.0.0
30 silly currentTree +-- css-color-names@0.0.4
30 silly currentTree +-- cssnano@3.10.0
30 silly currentTree +-- csso@2.2.1
30 silly currentTree +-- currently-unhandled@0.4.1
30 silly currentTree +-- dashdash@1.14.1
30 silly currentTree | `-- assert-plus@1.0.0
30 silly currentTree +-- de-indent@1.0.2
30 silly currentTree +-- debug@2.6.0
30 silly currentTree +-- decamelize@1.2.0
30 silly currentTree +-- deep-assign@2.0.0
30 silly currentTree +-- defined@1.0.0
30 silly currentTree +-- delayed-stream@1.0.0
30 silly currentTree +-- delegates@1.0.0
30 silly currentTree +-- depd@1.1.0
30 silly currentTree +-- deppack@0.4.4
30 silly currentTree +-- des.js@1.0.0
30 silly currentTree +-- destroy@1.0.4
30 silly currentTree +-- detect-file@0.1.0
30 silly currentTree +-- detect-indent@4.0.0
30 silly currentTree +-- detective@4.3.2
30 silly currentTree +-- diffie-hellman@5.0.2
30 silly currentTree +-- domain-browser@1.1.7
30 silly currentTree +-- ecc-jsbn@0.1.1
30 silly currentTree +-- ee-first@1.1.1
30 silly currentTree +-- electron-to-chromium@1.2.1
30 silly currentTree +-- elliptic@6.3.2
30 silly currentTree +-- encodeurl@1.0.1
30 silly currentTree +-- error-ex@1.3.0
30 silly currentTree +-- escape-html@1.0.3
30 silly currentTree +-- escape-string-regexp@1.0.5
30 silly currentTree +-- esprima@2.7.3
30 silly currentTree +-- esutils@2.0.2
30 silly currentTree +-- etag@1.7.0
30 silly currentTree +-- events@1.1.1
30 silly currentTree +-- evp_bytestokey@1.0.0
30 silly currentTree +-- expand-brackets@0.1.5
30 silly currentTree +-- expand-range@1.8.2
30 silly currentTree +-- expand-tilde@1.2.2
30 silly currentTree +-- express@4.14.0
30 silly currentTree | +-- debug@2.2.0
30 silly currentTree | `-- ms@0.7.1
30 silly currentTree +-- extend@3.0.0
30 silly currentTree +-- extglob@0.3.2
30 silly currentTree +-- extsprintf@1.0.2
30 silly currentTree +-- fast-levenshtein@1.1.4
30 silly currentTree +-- fcache@0.1.1
30 silly currentTree +-- filename-regex@2.0.0
30 silly currentTree +-- fill-range@2.2.3
30 silly currentTree +-- finalhandler@0.5.0
30 silly currentTree | +-- debug@2.2.0
30 silly currentTree | `-- ms@0.7.1
30 silly currentTree +-- find-up@1.1.2
30 silly currentTree +-- findup-sync@0.4.3
30 silly currentTree +-- flatten@1.0.2
30 silly currentTree +-- for-in@0.1.6
30 silly currentTree +-- for-own@0.1.4
30 silly currentTree +-- forever-agent@0.6.1
30 silly currentTree +-- form-data@2.1.2
30 silly currentTree +-- forwarded@0.1.0
30 silly currentTree +-- fresh@0.3.0
30 silly currentTree +-- fs-exists-sync@0.1.0
30 silly currentTree +-- fs.realpath@1.0.0
30 silly currentTree +-- fstream@1.0.10
30 silly currentTree +-- function-bind@1.1.0
30 silly currentTree +-- gauge@2.7.2
30 silly currentTree | `-- supports-color@0.2.0
30 silly currentTree +-- gaze@1.1.2
30 silly currentTree +-- generate-function@2.0.0
30 silly currentTree +-- generate-object-property@1.2.0
30 silly currentTree +-- get-caller-file@1.0.2
30 silly currentTree +-- get-stdin@4.0.1
30 silly currentTree +-- getpass@0.1.6
30 silly currentTree | `-- assert-plus@1.0.0
30 silly currentTree +-- glob-base@0.3.0
30 silly currentTree +-- glob-parent@2.0.0
30 silly currentTree +-- glob@7.1.1
30 silly currentTree +-- global-modules@0.2.3
30 silly currentTree +-- global-prefix@0.1.5
30 silly currentTree +-- globals@9.14.0
30 silly currentTree +-- globule@1.1.0
30 silly currentTree | `-- lodash@4.16.6
30 silly currentTree +-- graceful-fs@4.1.11
30 silly currentTree +-- graceful-readlink@1.0.1
30 silly currentTree +-- growl@1.8.1
30 silly currentTree +-- hammerjs@2.0.8
30 silly currentTree +-- har-validator@2.0.6
30 silly currentTree +-- has-ansi@2.0.0
30 silly currentTree +-- has-flag@1.0.0
30 silly currentTree +-- has-unicode@2.0.1
30 silly currentTree +-- has@1.0.1
30 silly currentTree +-- hash-sum@1.0.2
30 silly currentTree +-- hash.js@1.0.3
30 silly currentTree +-- hawk@3.1.3
30 silly currentTree +-- he@1.1.1
30 silly currentTree +-- hoek@2.16.3
30 silly currentTree +-- home-or-tmp@2.0.0
30 silly currentTree +-- homedir-polyfill@1.0.1
30 silly currentTree +-- hosted-git-info@2.1.5
30 silly currentTree +-- html-comment-regex@1.1.1
30 silly currentTree +-- http-errors@1.5.1
30 silly currentTree +-- http-signature@1.1.1
30 silly currentTree +-- https-browserify@0.0.1
30 silly currentTree +-- ieee754@1.1.8
30 silly currentTree +-- in-publish@2.0.0
30 silly currentTree +-- indent-string@2.1.0
30 silly currentTree +-- indexes-of@1.0.1
30 silly currentTree +-- indexof@0.0.1
30 silly currentTree +-- inflight@1.0.6
30 silly currentTree +-- inherits@2.0.3
30 silly currentTree +-- ini@1.3.4
30 silly currentTree +-- init-skeleton@0.9.5
30 silly currentTree +-- insert-css@2.0.0
30 silly currentTree +-- interpret@1.0.1
30 silly currentTree +-- invariant@2.2.2
30 silly currentTree +-- invert-kv@1.0.0
30 silly currentTree +-- ipaddr.js@1.2.0
30 silly currentTree +-- is-absolute-url@2.1.0
30 silly currentTree +-- is-arrayish@0.2.1
30 silly currentTree +-- is-binary-path@1.0.1
30 silly currentTree +-- is-buffer@1.1.4
30 silly currentTree +-- is-builtin-module@1.0.0
30 silly currentTree +-- is-dotfile@1.0.2
30 silly currentTree +-- is-equal-shallow@0.1.3
30 silly currentTree +-- is-extendable@0.1.1
30 silly currentTree +-- is-extglob@1.0.0
30 silly currentTree +-- is-finite@1.0.2
30 silly currentTree +-- is-fullwidth-code-point@1.0.0
30 silly currentTree +-- is-glob@2.0.1
30 silly currentTree +-- is-my-json-valid@2.15.0
30 silly currentTree +-- is-number@2.1.0
30 silly currentTree +-- is-obj@1.0.1
30 silly currentTree +-- is-plain-obj@1.1.0
30 silly currentTree +-- is-posix-bracket@0.1.1
30 silly currentTree +-- is-primitive@2.0.0
30 silly currentTree +-- is-property@1.0.2
30 silly currentTree +-- is-svg@2.1.0
30 silly currentTree +-- is-typedarray@1.0.0
30 silly currentTree +-- is-utf8@0.2.1
30 silly currentTree +-- is-windows@0.2.0
30 silly currentTree +-- isarray@1.0.0
30 silly currentTree +-- isexe@1.1.2
30 silly currentTree +-- isobject@2.1.0
30 silly currentTree +-- isstream@0.1.2
30 silly currentTree +-- javascript-brunch@2.0.0
30 silly currentTree +-- jodid25519@1.0.2
30 silly currentTree +-- jquery@2.2.4
30 silly currentTree +-- js-base64@2.1.9
30 silly currentTree +-- js-tokens@3.0.0
30 silly currentTree +-- js-yaml@3.6.1
30 silly currentTree +-- jsbn@0.1.0
30 silly currentTree +-- jsesc@1.3.0
30 silly currentTree +-- json-schema@0.2.3
30 silly currentTree +-- json-stringify-safe@5.0.1
30 silly currentTree +-- json5@0.5.1
30 silly currentTree +-- jsonpointer@4.0.1
30 silly currentTree +-- jsprim@1.3.1
30 silly currentTree +-- kind-of@3.1.0
30 silly currentTree +-- lazy-cache@1.0.4
30 silly currentTree +-- lcid@1.0.0
30 silly currentTree +-- load-json-file@1.1.0
30 silly currentTree +-- lodash.assign@4.2.0
30 silly currentTree +-- lodash.clonedeep@4.5.0
30 silly currentTree +-- lodash.indexof@4.0.5
30 silly currentTree +-- lodash.memoize@4.1.2
30 silly currentTree +-- lodash.mergewith@4.6.0
30 silly currentTree +-- lodash.uniq@4.5.0
30 silly currentTree +-- lodash@4.17.4
30 silly currentTree +-- loggy@0.3.5
30 silly currentTree +-- longest@1.0.1
30 silly currentTree +-- loose-envify@1.3.1
30 silly currentTree +-- loud-rejection@1.6.0
30 silly currentTree +-- lru-cache@4.0.2
30 silly currentTree +-- macaddress@0.2.8
30 silly currentTree +-- map-obj@1.0.1
30 silly currentTree +-- materialize-css@0.97.8
30 silly currentTree +-- math-expression-evaluator@1.2.15
30 silly currentTree +-- media-typer@0.3.0
30 silly currentTree +-- meow@3.7.0
30 silly currentTree | `-- minimist@1.2.0
30 silly currentTree +-- merge-descriptors@1.0.1
30 silly currentTree +-- methods@1.1.2
30 silly currentTree +-- micro-promisify@0.1.1
30 silly currentTree +-- micromatch@2.3.11
30 silly currentTree +-- miller-rabin@4.0.0
30 silly currentTree +-- mime-db@1.26.0
30 silly currentTree +-- mime-types@2.1.14
30 silly currentTree +-- mime@1.3.4
30 silly currentTree +-- minimalistic-assert@1.0.0
30 silly currentTree +-- minimatch@3.0.3
30 silly currentTree +-- minimist@0.0.8
30 silly currentTree +-- mkdirp@0.5.1
30 silly currentTree +-- mout@1.0.0
30 silly currentTree +-- ms@0.7.2
30 silly currentTree +-- nan@2.5.1
30 silly currentTree +-- ncp@2.0.0
30 silly currentTree +-- negotiator@0.6.1
30 silly currentTree +-- node-archiver@0.3.0
30 silly currentTree +-- node-browser-modules@0.1.0
30 silly currentTree | `-- readable-stream@2.0.6
30 silly currentTree +-- node-gyp@3.5.0
30 silly currentTree +-- node-sass@4.3.0
30 silly currentTree +-- nopt@3.0.6
30 silly currentTree +-- normalize-git-url@3.0.2
30 silly currentTree +-- normalize-package-data@2.3.5
30 silly currentTree +-- normalize-path@2.0.1
30 silly currentTree +-- normalize-range@0.1.2
30 silly currentTree +-- normalize-url@1.9.0
30 silly currentTree +-- npmlog@4.0.2
30 silly currentTree +-- num2fraction@1.2.2
30 silly currentTree +-- number-is-nan@1.0.1
30 silly currentTree +-- oauth-sign@0.8.2
30 silly currentTree +-- object-assign@4.1.1
30 silly currentTree +-- object.omit@2.0.1
30 silly currentTree +-- on-finished@2.3.0
30 silly currentTree +-- once@1.4.0
30 silly currentTree +-- optimist@0.6.1
30 silly currentTree +-- os-browserify@0.2.1
30 silly currentTree +-- os-homedir@1.0.2
30 silly currentTree +-- os-locale@1.4.0
30 silly currentTree +-- os-tmpdir@1.0.2
30 silly currentTree +-- osenv@0.1.4
30 silly currentTree +-- parse-asn1@5.0.0
30 silly currentTree +-- parse-glob@3.0.4
30 silly currentTree +-- parse-json@2.2.0
30 silly currentTree +-- parse-passwd@1.0.0
30 silly currentTree +-- parseurl@1.3.1
30 silly currentTree +-- path-browserify@0.0.0
30 silly currentTree +-- path-exists@2.1.0
30 silly currentTree +-- path-is-absolute@1.0.1
30 silly currentTree +-- path-to-regexp@0.1.7
30 silly currentTree +-- path-type@1.1.0
30 silly currentTree +-- pbkdf2@3.0.9
30 silly currentTree +-- phoenix_html@2.9.2
30 silly currentTree +-- phoenix@1.2.1
30 silly currentTree +-- pify@2.3.0
30 silly currentTree +-- pinkie-promise@2.0.1
30 silly currentTree +-- pinkie@2.0.4
30 silly currentTree +-- postcss-calc@5.3.1
30 silly currentTree +-- postcss-colormin@2.2.1
30 silly currentTree +-- postcss-convert-values@2.6.0
30 silly currentTree +-- postcss-discard-comments@2.0.4
30 silly currentTree +-- postcss-discard-duplicates@2.0.2
30 silly currentTree +-- postcss-discard-empty@2.1.0
30 silly currentTree +-- postcss-discard-overridden@0.1.1
30 silly currentTree +-- postcss-discard-unused@2.2.3
30 silly currentTree +-- postcss-filter-plugins@2.0.2
30 silly currentTree +-- postcss-merge-idents@2.1.7
30 silly currentTree +-- postcss-merge-longhand@2.0.2
30 silly currentTree +-- postcss-merge-rules@2.1.1
30 silly currentTree +-- postcss-message-helpers@2.0.0
30 silly currentTree +-- postcss-minify-font-values@1.0.5
30 silly currentTree +-- postcss-minify-gradients@1.0.5
30 silly currentTree +-- postcss-minify-params@1.2.2
30 silly currentTree +-- postcss-minify-selectors@2.1.1
30 silly currentTree +-- postcss-normalize-charset@1.1.1
30 silly currentTree +-- postcss-normalize-url@3.0.8
30 silly currentTree +-- postcss-ordered-values@2.2.3
30 silly currentTree +-- postcss-reduce-idents@2.4.0
30 silly currentTree +-- postcss-reduce-initial@1.0.1
30 silly currentTree +-- postcss-reduce-transforms@1.0.4
30 silly currentTree +-- postcss-selector-parser@2.2.2
30 silly currentTree +-- postcss-svgo@2.1.6
30 silly currentTree +-- postcss-unique-selectors@2.0.2
30 silly currentTree +-- postcss-value-parser@3.3.0
30 silly currentTree +-- postcss-zindex@2.2.0
30 silly currentTree +-- postcss@5.2.11
30 silly currentTree | `-- supports-color@3.2.3
30 silly currentTree +-- prepend-http@1.0.4
30 silly currentTree +-- preserve@0.2.0
30 silly currentTree +-- private@0.1.6
30 silly currentTree +-- process-nextick-args@1.0.7
30 silly currentTree +-- process@0.11.9
30 silly currentTree +-- proxy-addr@1.1.3
30 silly currentTree +-- pseudomap@1.0.2
30 silly currentTree +-- public-encrypt@4.0.0
30 silly currentTree +-- punycode@1.4.1
30 silly currentTree +-- pushserve@1.0.2
30 silly currentTree +-- q@1.4.1
30 silly currentTree +-- qs@6.2.0
30 silly currentTree +-- query-string@4.3.1
30 silly currentTree +-- querystring-es3@0.2.1
30 silly currentTree +-- querystring@0.2.0
30 silly currentTree +-- quickly-copy-file@1.0.0
30 silly currentTree +-- randomatic@1.1.6
30 silly currentTree +-- randombytes@2.0.3
30 silly currentTree +-- range-parser@1.2.0
30 silly currentTree +-- read-components@0.7.0
30 silly currentTree +-- read-pkg-up@1.0.1
30 silly currentTree +-- read-pkg@1.1.0
30 silly currentTree +-- readable-stream@2.2.2
30 silly currentTree +-- readdirp@2.1.0
30 silly currentTree +-- rechoir@0.6.2
30 silly currentTree +-- redent@1.0.0
30 silly currentTree +-- reduce-css-calc@1.3.0
30 silly currentTree +-- reduce-function-call@1.0.2
30 silly currentTree +-- regenerate@1.3.2
30 silly currentTree +-- regenerator-runtime@0.10.1
30 silly currentTree +-- regenerator-transform@0.9.8
30 silly currentTree +-- regex-cache@0.4.3
30 silly currentTree +-- regexpu-core@2.0.0
30 silly currentTree +-- regjsgen@0.2.0
30 silly currentTree +-- regjsparser@0.1.5
30 silly currentTree | `-- jsesc@0.5.0
30 silly currentTree +-- repeat-element@1.1.2
30 silly currentTree +-- repeat-string@1.6.1
30 silly currentTree +-- repeating@2.0.1
30 silly currentTree +-- request@2.79.0
30 silly currentTree | `-- qs@6.3.0
30 silly currentTree +-- require-directory@2.1.1
30 silly currentTree +-- require-main-filename@1.0.1
30 silly currentTree +-- resolve-dir@0.1.1
30 silly currentTree +-- resolve@1.1.7
30 silly currentTree +-- right-align@0.1.3
30 silly currentTree +-- rimraf@2.5.4
30 silly currentTree +-- ripemd160@1.0.1
30 silly currentTree +-- sass-graph@2.1.2
30 silly currentTree | +-- cliui@3.2.0
30 silly currentTree | +-- window-size@0.2.0
30 silly currentTree | `-- yargs@4.8.1
30 silly currentTree +-- sax@1.2.1
30 silly currentTree +-- semver@5.3.0
30 silly currentTree +-- send@0.14.1
30 silly currentTree | +-- debug@2.2.0
30 silly currentTree | `-- ms@0.7.1
30 silly currentTree +-- serve-brunch@0.1.2
30 silly currentTree +-- serve-static@1.11.2
30 silly currentTree | +-- debug@2.2.0
30 silly currentTree | | `-- ms@0.7.1
30 silly currentTree | `-- send@0.14.2
30 silly currentTree +-- set-blocking@2.0.0
30 silly currentTree +-- set-immediate-shim@1.0.1
30 silly currentTree +-- setprototypeof@1.0.2
30 silly currentTree +-- sha.js@2.4.8
30 silly currentTree +-- shelljs@0.7.6
30 silly currentTree +-- signal-exit@3.0.2
30 silly currentTree +-- since-app-start@0.1.0
30 silly currentTree +-- skemata@0.1.2
30 silly currentTree +-- slash@1.0.0
30 silly currentTree +-- sntp@1.0.9
30 silly currentTree +-- sort-keys@1.1.2
30 silly currentTree +-- source-map-support@0.4.10
30 silly currentTree +-- source-map@0.5.6
30 silly currentTree +-- spdx-correct@1.0.2
30 silly currentTree +-- spdx-expression-parse@1.0.4
30 silly currentTree +-- spdx-license-ids@1.2.2
30 silly currentTree +-- sprintf-js@1.0.3
30 silly currentTree +-- sshpk@1.10.2
30 silly currentTree | `-- assert-plus@1.0.0
30 silly currentTree +-- statuses@1.3.1
30 silly currentTree +-- stdout-stream@1.4.0
30 silly currentTree +-- stream-browserify@2.0.1
30 silly currentTree +-- stream-http@2.1.1
30 silly currentTree +-- strict-uri-encode@1.1.0
30 silly currentTree +-- string_decoder@0.10.31
30 silly currentTree +-- string-width@1.0.2
30 silly currentTree +-- stringstream@0.0.5
30 silly currentTree +-- strip-ansi@3.0.1
30 silly currentTree +-- strip-bom@2.0.0
30 silly currentTree +-- strip-indent@1.0.1
30 silly currentTree +-- supports-color@2.0.0
30 silly currentTree +-- svgo@0.7.1
30 silly currentTree +-- tar@2.2.1
30 silly currentTree +-- through@2.3.8
30 silly currentTree +-- timers-browserify@1.4.2
30 silly currentTree +-- to-arraybuffer@1.0.1
30 silly currentTree +-- to-fast-properties@1.0.2
30 silly currentTree +-- tough-cookie@2.3.2
30 silly currentTree +-- trim-newlines@1.0.0
30 silly currentTree +-- true-case-path@1.0.2
30 silly currentTree | `-- glob@6.0.4
30 silly currentTree +-- tty-browserify@0.0.0
30 silly currentTree +-- tunnel-agent@0.4.3
30 silly currentTree +-- tweetnacl@0.14.5
30 silly currentTree +-- type-is@1.6.14
30 silly currentTree +-- uglify-js-brunch@2.0.1
30 silly currentTree +-- uglify-js@2.6.4
30 silly currentTree +-- uglify-to-browserify@1.0.2
30 silly currentTree +-- uniq@1.0.1
30 silly currentTree +-- uniqid@4.1.1
30 silly currentTree +-- uniqs@2.0.0
30 silly currentTree +-- unpipe@1.0.0
30 silly currentTree +-- untildify@2.1.0
30 silly currentTree +-- url@0.11.0
30 silly currentTree | `-- punycode@1.3.2
30 silly currentTree +-- util-deprecate@1.0.2
30 silly currentTree +-- util@0.10.3
30 silly currentTree | `-- inherits@2.0.1
30 silly currentTree +-- utils-merge@1.0.0
30 silly currentTree +-- uuid@3.0.1
30 silly currentTree +-- validate-npm-package-license@3.0.1
30 silly currentTree +-- vary@1.1.0
30 silly currentTree +-- vendors@1.0.1
30 silly currentTree +-- verror@1.3.6
30 silly currentTree +-- vm-browserify@0.0.4
30 silly currentTree +-- vue-brunch@2.0.0
30 silly currentTree +-- vue-hot-reload-api@2.0.8
30 silly currentTree +-- vue-resource@1.0.3
30 silly currentTree +-- vue-router@2.1.3
30 silly currentTree +-- vue-template-compiler@2.1.10
30 silly currentTree +-- vue-template-es2015-compiler@1.5.0
30 silly currentTree +-- vue@2.1.10
30 silly currentTree +-- vueify-insert-css@1.0.0
30 silly currentTree +-- vueify@9.4.0
30 silly currentTree +-- whet.extend@0.9.9
30 silly currentTree +-- which-module@1.0.0
30 silly currentTree +-- which@1.2.12
30 silly currentTree +-- wide-align@1.1.0
30 silly currentTree +-- window-size@0.1.0
30 silly currentTree +-- wordwrap@0.0.3
30 silly currentTree +-- wrap-ansi@2.1.0
30 silly currentTree +-- wrappy@1.0.2
30 silly currentTree +-- xtend@4.0.1
30 silly currentTree +-- y18n@3.2.1
30 silly currentTree +-- yallist@2.0.0
30 silly currentTree +-- yargs-parser@2.4.1
30 silly currentTree | `-- camelcase@3.0.0
30 silly currentTree `-- yargs@3.10.0
31 silly idealTree discuss_vue
31 silly idealTree +-- abbrev@1.0.9
31 silly idealTree +-- accepts@1.3.3
31 silly idealTree +-- acorn@3.3.0
31 silly idealTree +-- align-text@0.1.4
31 silly idealTree +-- alphanum-sort@1.0.2
31 silly idealTree +-- amdefine@1.0.1
31 silly idealTree +-- ansi-regex@2.1.1
31 silly idealTree +-- ansi-styles@2.2.1
31 silly idealTree +-- ansicolors@0.3.2
31 silly idealTree +-- anymatch@1.3.0
31 silly idealTree +-- anysort@1.0.1
31 silly idealTree +-- aproba@1.0.4
31 silly idealTree +-- are-we-there-yet@1.1.2
31 silly idealTree +-- argparse@1.0.9
31 silly idealTree +-- arr-diff@2.0.0
31 silly idealTree +-- arr-flatten@1.0.1
31 silly idealTree +-- array-find-index@1.0.2
31 silly idealTree +-- array-flatten@1.1.1
31 silly idealTree +-- array-unique@0.2.1
31 silly idealTree +-- arrify@1.0.1
31 silly idealTree +-- asn1.js@4.9.1
31 silly idealTree +-- asn1@0.2.3
31 silly idealTree +-- assert-plus@0.2.0
31 silly idealTree +-- assert@1.3.0
31 silly idealTree +-- async-each@1.0.1
31 silly idealTree +-- async-foreach@0.1.3
31 silly idealTree +-- async@0.2.10
31 silly idealTree +-- asynckit@0.4.0
31 silly idealTree +-- autoprefixer@6.7.0
31 silly idealTree +-- aws-sign2@0.6.0
31 silly idealTree +-- aws4@1.5.0
31 silly idealTree +-- babel-brunch@6.0.6
31 silly idealTree +-- babel-code-frame@6.22.0
31 silly idealTree +-- babel-core@6.22.1
31 silly idealTree +-- babel-generator@6.22.0
31 silly idealTree +-- babel-helper-builder-binary-assignment-operator-visitor@6.22.0
31 silly idealTree +-- babel-helper-call-delegate@6.22.0
31 silly idealTree +-- babel-helper-define-map@6.22.0
31 silly idealTree +-- babel-helper-explode-assignable-expression@6.22.0
31 silly idealTree +-- babel-helper-function-name@6.22.0
31 silly idealTree +-- babel-helper-get-function-arity@6.22.0
31 silly idealTree +-- babel-helper-hoist-variables@6.22.0
31 silly idealTree +-- babel-helper-optimise-call-expression@6.22.0
31 silly idealTree +-- babel-helper-regex@6.22.0
31 silly idealTree +-- babel-helper-replace-supers@6.22.0
31 silly idealTree +-- babel-helpers@6.22.0
31 silly idealTree +-- babel-messages@6.22.0
31 silly idealTree +-- babel-plugin-check-es2015-constants@6.22.0
31 silly idealTree +-- babel-plugin-syntax-exponentiation-operator@6.13.0
31 silly idealTree +-- babel-plugin-transform-es2015-arrow-functions@6.22.0
31 silly idealTree +-- babel-plugin-transform-es2015-block-scoped-functions@6.22.0
31 silly idealTree +-- babel-plugin-transform-es2015-block-scoping@6.22.0
31 silly idealTree +-- babel-plugin-transform-es2015-classes@6.22.0
31 silly idealTree +-- babel-plugin-transform-es2015-computed-properties@6.22.0
31 silly idealTree +-- babel-plugin-transform-es2015-destructuring@6.22.0
31 silly idealTree +-- babel-plugin-transform-es2015-duplicate-keys@6.22.0
31 silly idealTree +-- babel-plugin-transform-es2015-for-of@6.22.0
31 silly idealTree +-- babel-plugin-transform-es2015-function-name@6.22.0
31 silly idealTree +-- babel-plugin-transform-es2015-literals@6.22.0
31 silly idealTree +-- babel-plugin-transform-es2015-modules-amd@6.22.0
31 silly idealTree +-- babel-plugin-transform-es2015-modules-commonjs@6.22.0
31 silly idealTree +-- babel-plugin-transform-es2015-modules-systemjs@6.22.0
31 silly idealTree +-- babel-plugin-transform-es2015-modules-umd@6.22.0
31 silly idealTree +-- babel-plugin-transform-es2015-object-super@6.22.0
31 silly idealTree +-- babel-plugin-transform-es2015-parameters@6.22.0
31 silly idealTree +-- babel-plugin-transform-es2015-shorthand-properties@6.22.0
31 silly idealTree +-- babel-plugin-transform-es2015-spread@6.22.0
31 silly idealTree +-- babel-plugin-transform-es2015-sticky-regex@6.22.0
31 silly idealTree +-- babel-plugin-transform-es2015-template-literals@6.22.0
31 silly idealTree +-- babel-plugin-transform-es2015-typeof-symbol@6.22.0
31 silly idealTree +-- babel-plugin-transform-es2015-unicode-regex@6.22.0
31 silly idealTree +-- babel-plugin-transform-exponentiation-operator@6.22.0
31 silly idealTree +-- babel-plugin-transform-regenerator@6.22.0
31 silly idealTree +-- babel-plugin-transform-runtime@6.22.0
31 silly idealTree +-- babel-plugin-transform-strict-mode@6.22.0
31 silly idealTree +-- babel-preset-es2015@6.22.0
31 silly idealTree +-- babel-preset-es2016@6.22.0
31 silly idealTree +-- babel-register@6.22.0
31 silly idealTree +-- babel-runtime@6.22.0
31 silly idealTree +-- babel-template@6.22.0
31 silly idealTree +-- babel-traverse@6.22.1
31 silly idealTree +-- babel-types@6.22.0
31 silly idealTree +-- babylon@6.15.0
31 silly idealTree +-- balanced-match@0.4.2
31 silly idealTree +-- base64-js@1.2.0
31 silly idealTree +-- bcrypt-pbkdf@1.0.0
31 silly idealTree +-- binary-extensions@1.8.0
31 silly idealTree +-- block-stream@0.0.9
31 silly idealTree +-- bn.js@4.11.6
31 silly idealTree +-- boom@2.10.1
31 silly idealTree +-- bower-config@1.4.0
31 silly idealTree +-- brace-expansion@1.1.6
31 silly idealTree +-- braces@1.8.5
31 silly idealTree +-- brorand@1.0.6
31 silly idealTree +-- browser-resolve@1.11.2
31 silly idealTree +-- browserify-aes@1.0.6
31 silly idealTree +-- browserify-cipher@1.0.0
31 silly idealTree +-- browserify-des@1.0.0
31 silly idealTree +-- browserify-rsa@4.0.1
31 silly idealTree +-- browserify-sign@4.0.0
31 silly idealTree +-- browserslist@1.6.0
31 silly idealTree +-- brunch-skeletons@0.1.5
31 silly idealTree +-- brunch@2.7.4
31 silly idealTree | +-- debug@2.2.0
31 silly idealTree | `-- ms@0.7.1
31 silly idealTree +-- buffer-shims@1.0.0
31 silly idealTree +-- buffer-xor@1.0.3
31 silly idealTree +-- buffer@4.3.1
31 silly idealTree +-- builtin-modules@1.1.1
31 silly idealTree +-- builtin-status-codes@2.0.0
31 silly idealTree +-- camelcase-keys@2.1.0
31 silly idealTree | `-- camelcase@2.1.1
31 silly idealTree +-- camelcase@1.2.1
31 silly idealTree +-- caniuse-api@1.5.2
31 silly idealTree +-- caniuse-db@1.0.30000615
31 silly idealTree +-- caseless@0.11.0
31 silly idealTree +-- center-align@0.1.3
31 silly idealTree +-- chalk@1.1.3
31 silly idealTree +-- check-dependencies@0.12.3
31 silly idealTree | `-- minimist@1.2.0
31 silly idealTree +-- chokidar@1.4.3
31 silly idealTree +-- cipher-base@1.0.3
31 silly idealTree +-- clap@1.1.2
31 silly idealTree +-- clean-css-brunch@2.0.0
31 silly idealTree +-- clean-css@3.4.24
31 silly idealTree | +-- commander@2.8.1
31 silly idealTree | `-- source-map@0.4.4
31 silly idealTree +-- cliui@2.1.0
31 silly idealTree | `-- wordwrap@0.0.2
31 silly idealTree +-- clone@1.0.2
31 silly idealTree +-- coa@1.0.1
31 silly idealTree +-- code-point-at@1.1.0
31 silly idealTree +-- coffee-script@1.10.0
31 silly idealTree +-- color-convert@1.9.0
31 silly idealTree +-- color-name@1.1.1
31 silly idealTree +-- color-string@0.3.0
31 silly idealTree +-- color@0.11.4
31 silly idealTree +-- colormin@1.1.2
31 silly idealTree +-- colors@1.1.2
31 silly idealTree +-- combined-stream@1.0.5
31 silly idealTree +-- commander@2.9.0
31 silly idealTree +-- commonjs-require-definition@0.5.0
31 silly idealTree +-- concat-map@0.0.1
31 silly idealTree +-- connect-slashes@1.3.1
31 silly idealTree +-- console-control-strings@1.1.0
31 silly idealTree +-- content-disposition@0.5.1
31 silly idealTree +-- content-type@1.0.2
31 silly idealTree +-- convert-source-map@1.3.0
31 silly idealTree +-- cookie-signature@1.0.6
31 silly idealTree +-- cookie@0.3.1
31 silly idealTree +-- core-js@2.4.1
31 silly idealTree +-- core-util-is@1.0.2
31 silly idealTree +-- create-ecdh@4.0.0
31 silly idealTree +-- create-hash@1.1.2
31 silly idealTree +-- create-hmac@1.1.4
31 silly idealTree +-- cross-spawn@3.0.1
31 silly idealTree +-- cryptiles@2.0.5
31 silly idealTree +-- crypto-browserify@3.11.0
31 silly idealTree +-- css-brunch@2.0.0
31 silly idealTree +-- css-color-names@0.0.4
31 silly idealTree +-- cssnano@3.10.0
31 silly idealTree +-- csso@2.2.1
31 silly idealTree +-- currently-unhandled@0.4.1
31 silly idealTree +-- dashdash@1.14.1
31 silly idealTree | `-- assert-plus@1.0.0
31 silly idealTree +-- de-indent@1.0.2
31 silly idealTree +-- debug@2.6.0
31 silly idealTree +-- decamelize@1.2.0
31 silly idealTree +-- deep-assign@2.0.0
31 silly idealTree +-- defined@1.0.0
31 silly idealTree +-- delayed-stream@1.0.0
31 silly idealTree +-- delegates@1.0.0
31 silly idealTree +-- depd@1.1.0
31 silly idealTree +-- deppack@0.4.4
31 silly idealTree +-- des.js@1.0.0
31 silly idealTree +-- destroy@1.0.4
31 silly idealTree +-- detect-file@0.1.0
31 silly idealTree +-- detect-indent@4.0.0
31 silly idealTree +-- detective@4.3.2
31 silly idealTree +-- diffie-hellman@5.0.2
31 silly idealTree +-- domain-browser@1.1.7
31 silly idealTree +-- ecc-jsbn@0.1.1
31 silly idealTree +-- ee-first@1.1.1
31 silly idealTree +-- electron-to-chromium@1.2.1
31 silly idealTree +-- elliptic@6.3.2
31 silly idealTree +-- encodeurl@1.0.1
31 silly idealTree +-- error-ex@1.3.0
31 silly idealTree +-- escape-html@1.0.3
31 silly idealTree +-- escape-string-regexp@1.0.5
31 silly idealTree +-- esprima@2.7.3
31 silly idealTree +-- esutils@2.0.2
31 silly idealTree +-- etag@1.7.0
31 silly idealTree +-- events@1.1.1
31 silly idealTree +-- evp_bytestokey@1.0.0
31 silly idealTree +-- expand-brackets@0.1.5
31 silly idealTree +-- expand-range@1.8.2
31 silly idealTree +-- expand-tilde@1.2.2
31 silly idealTree +-- express@4.14.0
31 silly idealTree | +-- debug@2.2.0
31 silly idealTree | `-- ms@0.7.1
31 silly idealTree +-- extend@3.0.0
31 silly idealTree +-- extglob@0.3.2
31 silly idealTree +-- extsprintf@1.0.2
31 silly idealTree +-- fast-levenshtein@1.1.4
31 silly idealTree +-- fcache@0.1.1
31 silly idealTree +-- filename-regex@2.0.0
31 silly idealTree +-- fill-range@2.2.3
31 silly idealTree +-- finalhandler@0.5.0
31 silly idealTree | +-- debug@2.2.0
31 silly idealTree | `-- ms@0.7.1
31 silly idealTree +-- find-up@1.1.2
31 silly idealTree +-- findup-sync@0.4.3
31 silly idealTree +-- flatten@1.0.2
31 silly idealTree +-- for-in@0.1.6
31 silly idealTree +-- for-own@0.1.4
31 silly idealTree +-- forever-agent@0.6.1
31 silly idealTree +-- form-data@2.1.2
31 silly idealTree +-- forwarded@0.1.0
31 silly idealTree +-- fresh@0.3.0
31 silly idealTree +-- fs-exists-sync@0.1.0
31 silly idealTree +-- fs.realpath@1.0.0
31 silly idealTree +-- fstream@1.0.10
31 silly idealTree +-- function-bind@1.1.0
31 silly idealTree +-- gauge@2.7.2
31 silly idealTree | `-- supports-color@0.2.0
31 silly idealTree +-- gaze@1.1.2
31 silly idealTree +-- generate-function@2.0.0
31 silly idealTree +-- generate-object-property@1.2.0
31 silly idealTree +-- get-caller-file@1.0.2
31 silly idealTree +-- get-stdin@4.0.1
31 silly idealTree +-- getpass@0.1.6
31 silly idealTree | `-- assert-plus@1.0.0
31 silly idealTree +-- glob-base@0.3.0
31 silly idealTree +-- glob-parent@2.0.0
31 silly idealTree +-- glob@7.1.1
31 silly idealTree +-- global-modules@0.2.3
31 silly idealTree +-- global-prefix@0.1.5
31 silly idealTree +-- globals@9.14.0
31 silly idealTree +-- globule@1.1.0
31 silly idealTree | `-- lodash@4.16.6
31 silly idealTree +-- graceful-fs@4.1.11
31 silly idealTree +-- graceful-readlink@1.0.1
31 silly idealTree +-- growl@1.8.1
31 silly idealTree +-- hammerjs@2.0.8
31 silly idealTree +-- har-validator@2.0.6
31 silly idealTree +-- has-ansi@2.0.0
31 silly idealTree +-- has-flag@1.0.0
31 silly idealTree +-- has-unicode@2.0.1
31 silly idealTree +-- has@1.0.1
31 silly idealTree +-- hash-sum@1.0.2
31 silly idealTree +-- hash.js@1.0.3
31 silly idealTree +-- hawk@3.1.3
31 silly idealTree +-- he@1.1.1
31 silly idealTree +-- hoek@2.16.3
31 silly idealTree +-- home-or-tmp@2.0.0
31 silly idealTree +-- homedir-polyfill@1.0.1
31 silly idealTree +-- hosted-git-info@2.1.5
31 silly idealTree +-- html-comment-regex@1.1.1
31 silly idealTree +-- http-errors@1.5.1
31 silly idealTree +-- http-signature@1.1.1
31 silly idealTree +-- https-browserify@0.0.1
31 silly idealTree +-- ieee754@1.1.8
31 silly idealTree +-- in-publish@2.0.0
31 silly idealTree +-- indent-string@2.1.0
31 silly idealTree +-- indexes-of@1.0.1
31 silly idealTree +-- indexof@0.0.1
31 silly idealTree +-- inflight@1.0.6
31 silly idealTree +-- inherits@2.0.3
31 silly idealTree +-- ini@1.3.4
31 silly idealTree +-- init-skeleton@0.9.5
31 silly idealTree +-- insert-css@2.0.0
31 silly idealTree +-- interpret@1.0.1
31 silly idealTree +-- invariant@2.2.2
31 silly idealTree +-- invert-kv@1.0.0
31 silly idealTree +-- ipaddr.js@1.2.0
31 silly idealTree +-- is-absolute-url@2.1.0
31 silly idealTree +-- is-arrayish@0.2.1
31 silly idealTree +-- is-binary-path@1.0.1
31 silly idealTree +-- is-buffer@1.1.4
31 silly idealTree +-- is-builtin-module@1.0.0
31 silly idealTree +-- is-dotfile@1.0.2
31 silly idealTree +-- is-equal-shallow@0.1.3
31 silly idealTree +-- is-extendable@0.1.1
31 silly idealTree +-- is-extglob@1.0.0
31 silly idealTree +-- is-finite@1.0.2
31 silly idealTree +-- is-fullwidth-code-point@1.0.0
31 silly idealTree +-- is-glob@2.0.1
31 silly idealTree +-- is-my-json-valid@2.15.0
31 silly idealTree +-- is-number@2.1.0
31 silly idealTree +-- is-obj@1.0.1
31 silly idealTree +-- is-plain-obj@1.1.0
31 silly idealTree +-- is-posix-bracket@0.1.1
31 silly idealTree +-- is-primitive@2.0.0
31 silly idealTree +-- is-property@1.0.2
31 silly idealTree +-- is-svg@2.1.0
31 silly idealTree +-- is-typedarray@1.0.0
31 silly idealTree +-- is-utf8@0.2.1
31 silly idealTree +-- is-windows@0.2.0
31 silly idealTree +-- isarray@1.0.0
31 silly idealTree +-- isexe@1.1.2
31 silly idealTree +-- isobject@2.1.0
31 silly idealTree +-- isstream@0.1.2
31 silly idealTree +-- javascript-brunch@2.0.0
31 silly idealTree +-- jodid25519@1.0.2
31 silly idealTree +-- jquery@2.2.4
31 silly idealTree +-- js-base64@2.1.9
31 silly idealTree +-- js-tokens@3.0.0
31 silly idealTree +-- js-yaml@3.6.1
31 silly idealTree +-- jsbn@0.1.0
31 silly idealTree +-- jsesc@1.3.0
31 silly idealTree +-- json-schema@0.2.3
31 silly idealTree +-- json-stringify-safe@5.0.1
31 silly idealTree +-- json5@0.5.1
31 silly idealTree +-- jsonpointer@4.0.1
31 silly idealTree +-- jsprim@1.3.1
31 silly idealTree +-- kind-of@3.1.0
31 silly idealTree +-- lazy-cache@1.0.4
31 silly idealTree +-- lcid@1.0.0
31 silly idealTree +-- load-json-file@1.1.0
31 silly idealTree +-- lodash.assign@4.2.0
31 silly idealTree +-- lodash.clonedeep@4.5.0
31 silly idealTree +-- lodash.indexof@4.0.5
31 silly idealTree +-- lodash.memoize@4.1.2
31 silly idealTree +-- lodash.mergewith@4.6.0
31 silly idealTree +-- lodash.uniq@4.5.0
31 silly idealTree +-- lodash@4.17.4
31 silly idealTree +-- loggy@0.3.5
31 silly idealTree +-- longest@1.0.1
31 silly idealTree +-- loose-envify@1.3.1
31 silly idealTree +-- loud-rejection@1.6.0
31 silly idealTree +-- lru-cache@4.0.2
31 silly idealTree +-- macaddress@0.2.8
31 silly idealTree +-- map-obj@1.0.1
31 silly idealTree +-- materialize-css@0.97.8
31 silly idealTree +-- math-expression-evaluator@1.2.15
31 silly idealTree +-- media-typer@0.3.0
31 silly idealTree +-- meow@3.7.0
31 silly idealTree | `-- minimist@1.2.0
31 silly idealTree +-- merge-descriptors@1.0.1
31 silly idealTree +-- methods@1.1.2
31 silly idealTree +-- micro-promisify@0.1.1
31 silly idealTree +-- micromatch@2.3.11
31 silly idealTree +-- miller-rabin@4.0.0
31 silly idealTree +-- mime-db@1.26.0
31 silly idealTree +-- mime-types@2.1.14
31 silly idealTree +-- mime@1.3.4
31 silly idealTree +-- minimalistic-assert@1.0.0
31 silly idealTree +-- minimatch@3.0.3
31 silly idealTree +-- minimist@0.0.8
31 silly idealTree +-- mkdirp@0.5.1
31 silly idealTree +-- mout@1.0.0
31 silly idealTree +-- ms@0.7.2
31 silly idealTree +-- nan@2.5.1
31 silly idealTree +-- ncp@2.0.0
31 silly idealTree +-- negotiator@0.6.1
31 silly idealTree +-- node-archiver@0.3.0
31 silly idealTree +-- node-browser-modules@0.1.0
31 silly idealTree | `-- readable-stream@2.0.6
31 silly idealTree +-- node-gyp@3.5.0
31 silly idealTree +-- node-sass@4.3.0
31 silly idealTree +-- nopt@3.0.6
31 silly idealTree +-- normalize-git-url@3.0.2
31 silly idealTree +-- normalize-package-data@2.3.5
31 silly idealTree +-- normalize-path@2.0.1
31 silly idealTree +-- normalize-range@0.1.2
31 silly idealTree +-- normalize-url@1.9.0
31 silly idealTree +-- npmlog@4.0.2
31 silly idealTree +-- num2fraction@1.2.2
31 silly idealTree +-- number-is-nan@1.0.1
31 silly idealTree +-- oauth-sign@0.8.2
31 silly idealTree +-- object-assign@4.1.1
31 silly idealTree +-- object.omit@2.0.1
31 silly idealTree +-- on-finished@2.3.0
31 silly idealTree +-- once@1.4.0
31 silly idealTree +-- optimist@0.6.1
31 silly idealTree +-- os-browserify@0.2.1
31 silly idealTree +-- os-homedir@1.0.2
31 silly idealTree +-- os-locale@1.4.0
31 silly idealTree +-- os-tmpdir@1.0.2
31 silly idealTree +-- osenv@0.1.4
31 silly idealTree +-- parse-asn1@5.0.0
31 silly idealTree +-- parse-glob@3.0.4
31 silly idealTree +-- parse-json@2.2.0
31 silly idealTree +-- parse-passwd@1.0.0
31 silly idealTree +-- parseurl@1.3.1
31 silly idealTree +-- path-browserify@0.0.0
31 silly idealTree +-- path-exists@2.1.0
31 silly idealTree +-- path-is-absolute@1.0.1
31 silly idealTree +-- path-to-regexp@0.1.7
31 silly idealTree +-- path-type@1.1.0
31 silly idealTree +-- pbkdf2@3.0.9
31 silly idealTree +-- phoenix_html@2.9.2
31 silly idealTree +-- phoenix@1.2.1
31 silly idealTree +-- pify@2.3.0
31 silly idealTree +-- pinkie-promise@2.0.1
31 silly idealTree +-- pinkie@2.0.4
31 silly idealTree +-- postcss-calc@5.3.1
31 silly idealTree +-- postcss-colormin@2.2.1
31 silly idealTree +-- postcss-convert-values@2.6.0
31 silly idealTree +-- postcss-discard-comments@2.0.4
31 silly idealTree +-- postcss-discard-duplicates@2.0.2
31 silly idealTree +-- postcss-discard-empty@2.1.0
31 silly idealTree +-- postcss-discard-overridden@0.1.1
31 silly idealTree +-- postcss-discard-unused@2.2.3
31 silly idealTree +-- postcss-filter-plugins@2.0.2
31 silly idealTree +-- postcss-merge-idents@2.1.7
31 silly idealTree +-- postcss-merge-longhand@2.0.2
31 silly idealTree +-- postcss-merge-rules@2.1.1
31 silly idealTree +-- postcss-message-helpers@2.0.0
31 silly idealTree +-- postcss-minify-font-values@1.0.5
31 silly idealTree +-- postcss-minify-gradients@1.0.5
31 silly idealTree +-- postcss-minify-params@1.2.2
31 silly idealTree +-- postcss-minify-selectors@2.1.1
31 silly idealTree +-- postcss-normalize-charset@1.1.1
31 silly idealTree +-- postcss-normalize-url@3.0.8
31 silly idealTree +-- postcss-ordered-values@2.2.3
31 silly idealTree +-- postcss-reduce-idents@2.4.0
31 silly idealTree +-- postcss-reduce-initial@1.0.1
31 silly idealTree +-- postcss-reduce-transforms@1.0.4
31 silly idealTree +-- postcss-selector-parser@2.2.2
31 silly idealTree +-- postcss-svgo@2.1.6
31 silly idealTree +-- postcss-unique-selectors@2.0.2
31 silly idealTree +-- postcss-value-parser@3.3.0
31 silly idealTree +-- postcss-zindex@2.2.0
31 silly idealTree +-- postcss@5.2.11
31 silly idealTree | `-- supports-color@3.2.3
31 silly idealTree +-- prepend-http@1.0.4
31 silly idealTree +-- preserve@0.2.0
31 silly idealTree +-- private@0.1.6
31 silly idealTree +-- process-nextick-args@1.0.7
31 silly idealTree +-- process@0.11.9
31 silly idealTree +-- proxy-addr@1.1.3
31 silly idealTree +-- pseudomap@1.0.2
31 silly idealTree +-- public-encrypt@4.0.0
31 silly idealTree +-- punycode@1.4.1
31 silly idealTree +-- pushserve@1.0.2
31 silly idealTree +-- q@1.4.1
31 silly idealTree +-- qs@6.2.0
31 silly idealTree +-- query-string@4.3.1
31 silly idealTree +-- querystring-es3@0.2.1
31 silly idealTree +-- querystring@0.2.0
31 silly idealTree +-- quickly-copy-file@1.0.0
31 silly idealTree +-- randomatic@1.1.6
31 silly idealTree +-- randombytes@2.0.3
31 silly idealTree +-- range-parser@1.2.0
31 silly idealTree +-- read-components@0.7.0
31 silly idealTree +-- read-pkg-up@1.0.1
31 silly idealTree +-- read-pkg@1.1.0
31 silly idealTree +-- readable-stream@2.2.2
31 silly idealTree +-- readdirp@2.1.0
31 silly idealTree +-- rechoir@0.6.2
31 silly idealTree +-- redent@1.0.0
31 silly idealTree +-- reduce-css-calc@1.3.0
31 silly idealTree +-- reduce-function-call@1.0.2
31 silly idealTree +-- regenerate@1.3.2
31 silly idealTree +-- regenerator-runtime@0.10.1
31 silly idealTree +-- regenerator-transform@0.9.8
31 silly idealTree +-- regex-cache@0.4.3
31 silly idealTree +-- regexpu-core@2.0.0
31 silly idealTree +-- regjsgen@0.2.0
31 silly idealTree +-- regjsparser@0.1.5
31 silly idealTree | `-- jsesc@0.5.0
31 silly idealTree +-- repeat-element@1.1.2
31 silly idealTree +-- repeat-string@1.6.1
31 silly idealTree +-- repeating@2.0.1
31 silly idealTree +-- request@2.79.0
31 silly idealTree | `-- qs@6.3.0
31 silly idealTree +-- require-directory@2.1.1
31 silly idealTree +-- require-main-filename@1.0.1
31 silly idealTree +-- resolve-dir@0.1.1
31 silly idealTree +-- resolve@1.1.7
31 silly idealTree +-- right-align@0.1.3
31 silly idealTree +-- rimraf@2.5.4
31 silly idealTree +-- ripemd160@1.0.1
31 silly idealTree +-- sass-graph@2.1.2
31 silly idealTree | +-- cliui@3.2.0
31 silly idealTree | +-- window-size@0.2.0
31 silly idealTree | `-- yargs@4.8.1
31 silly idealTree +-- sax@1.2.1
31 silly idealTree +-- semver@5.3.0
31 silly idealTree +-- send@0.14.1
31 silly idealTree | +-- debug@2.2.0
31 silly idealTree | `-- ms@0.7.1
31 silly idealTree +-- serve-brunch@0.1.2
31 silly idealTree +-- serve-static@1.11.2
31 silly idealTree | +-- debug@2.2.0
31 silly idealTree | | `-- ms@0.7.1
31 silly idealTree | `-- send@0.14.2
31 silly idealTree +-- set-blocking@2.0.0
31 silly idealTree +-- set-immediate-shim@1.0.1
31 silly idealTree +-- setprototypeof@1.0.2
31 silly idealTree +-- sha.js@2.4.8
31 silly idealTree +-- shelljs@0.7.6
31 silly idealTree +-- signal-exit@3.0.2
31 silly idealTree +-- since-app-start@0.1.0
31 silly idealTree +-- skemata@0.1.2
31 silly idealTree +-- slash@1.0.0
31 silly idealTree +-- sntp@1.0.9
31 silly idealTree +-- sort-keys@1.1.2
31 silly idealTree +-- source-map-support@0.4.10
31 silly idealTree +-- source-map@0.5.6
31 silly idealTree +-- spdx-correct@1.0.2
31 silly idealTree +-- spdx-expression-parse@1.0.4
31 silly idealTree +-- spdx-license-ids@1.2.2
31 silly idealTree +-- sprintf-js@1.0.3
31 silly idealTree +-- sshpk@1.10.2
31 silly idealTree | `-- assert-plus@1.0.0
31 silly idealTree +-- statuses@1.3.1
31 silly idealTree +-- stdout-stream@1.4.0
31 silly idealTree +-- stream-browserify@2.0.1
31 silly idealTree +-- stream-http@2.1.1
31 silly idealTree +-- strict-uri-encode@1.1.0
31 silly idealTree +-- string_decoder@0.10.31
31 silly idealTree +-- string-width@1.0.2
31 silly idealTree +-- stringstream@0.0.5
31 silly idealTree +-- strip-ansi@3.0.1
31 silly idealTree +-- strip-bom@2.0.0
31 silly idealTree +-- strip-indent@1.0.1
31 silly idealTree +-- supports-color@2.0.0
31 silly idealTree +-- svgo@0.7.1
31 silly idealTree +-- tar@2.2.1
31 silly idealTree +-- through@2.3.8
31 silly idealTree +-- timers-browserify@1.4.2
31 silly idealTree +-- to-arraybuffer@1.0.1
31 silly idealTree +-- to-fast-properties@1.0.2
31 silly idealTree +-- tough-cookie@2.3.2
31 silly idealTree +-- trim-newlines@1.0.0
31 silly idealTree +-- true-case-path@1.0.2
31 silly idealTree | `-- glob@6.0.4
31 silly idealTree +-- tty-browserify@0.0.0
31 silly idealTree +-- tunnel-agent@0.4.3
31 silly idealTree +-- tweetnacl@0.14.5
31 silly idealTree +-- type-is@1.6.14
31 silly idealTree +-- uglify-js-brunch@2.0.1
31 silly idealTree +-- uglify-js@2.6.4
31 silly idealTree +-- uglify-to-browserify@1.0.2
31 silly idealTree +-- uniq@1.0.1
31 silly idealTree +-- uniqid@4.1.1
31 silly idealTree +-- uniqs@2.0.0
31 silly idealTree +-- unpipe@1.0.0
31 silly idealTree +-- untildify@2.1.0
31 silly idealTree +-- url@0.11.0
31 silly idealTree | `-- punycode@1.3.2
31 silly idealTree +-- util-deprecate@1.0.2
31 silly idealTree +-- util@0.10.3
31 silly idealTree | `-- inherits@2.0.1
31 silly idealTree +-- utils-merge@1.0.0
31 silly idealTree +-- uuid@3.0.1
31 silly idealTree +-- validate-npm-package-license@3.0.1
31 silly idealTree +-- vary@1.1.0
31 silly idealTree +-- vendors@1.0.1
31 silly idealTree +-- verror@1.3.6
31 silly idealTree +-- vm-browserify@0.0.4
31 silly idealTree +-- vue-brunch@2.0.0
31 silly idealTree +-- vue-hot-reload-api@2.0.8
31 silly idealTree +-- vue-resource@1.0.3
31 silly idealTree +-- vue-router@2.1.3
31 silly idealTree +-- vue-template-compiler@2.1.10
31 silly idealTree +-- vue-template-es2015-compiler@1.5.0
31 silly idealTree +-- vue@2.1.10
31 silly idealTree +-- vueify-insert-css@1.0.0
31 silly idealTree +-- vueify@9.4.0
31 silly idealTree +-- whet.extend@0.9.9
31 silly idealTree +-- which-module@1.0.0
31 silly idealTree +-- which@1.2.12
31 silly idealTree +-- wide-align@1.1.0
31 silly idealTree +-- window-size@0.1.0
31 silly idealTree +-- wordwrap@0.0.3
31 silly idealTree +-- wrap-ansi@2.1.0
31 silly idealTree +-- wrappy@1.0.2
31 silly idealTree +-- xtend@4.0.1
31 silly idealTree +-- y18n@3.2.1
31 silly idealTree +-- yallist@2.0.0
31 silly idealTree +-- yargs-parser@2.4.1
31 silly idealTree | `-- camelcase@3.0.0
31 silly idealTree `-- yargs@3.10.0
32 silly generateActionsToTake Starting
33 silly install generateActionsToTake
34 silly generateActionsToTake Finishing
35 silly diffTrees action count 0
36 silly decomposeActions action count 0
37 silly executeActions Starting
38 silly install executeActions
39 silly doSerial global-install 0
40 silly doParallel fetch 0
41 verbose correctMkdir C:\Users\sbigonneau\AppData\Roaming\npm-cache\_locks correctMkdir not in flight; initializing
42 verbose lock using C:\Users\sbigonneau\AppData\Roaming\npm-cache\_locks\staging-6744a4caa84941c4.lock for c:\Users\sbigonneau\workspace\discuss_vue\node_modules\.staging
43 silly doParallel extract 0
44 silly doParallel preinstall 0
45 silly doReverseSerial remove 0
46 silly doSerial move 0
47 silly doSerial finalize 0
48 silly doSerial build 0
49 silly doSerial global-link 0
50 silly doParallel update-linked 0
51 silly doSerial install 0
52 silly doSerial postinstall 0
53 verbose unlock done using C:\Users\sbigonneau\AppData\Roaming\npm-cache\_locks\staging-6744a4caa84941c4.lock for c:\Users\sbigonneau\workspace\discuss_vue\node_modules\.staging
54 silly executeActions Finishing
55 silly rollbackFailedOptional Starting
56 silly rollbackFailedOptional Finishing
57 silly runTopLevelLifecycles Starting
58 silly install runTopLevelLifecycles
59 silly preinstall discuss_vue c:\Users\sbigonneau\workspace\discuss_vue\discuss_vue-016e1700
60 info lifecycle undefined~preinstall: undefined
61 silly lifecycle undefined~preinstall: no script for preinstall, continuing
62 silly build discuss_vue
63 info linkStuff !invalid#1
64 silly linkStuff !invalid#1 has c:\Users\sbigonneau\workspace as its parent node_modules
65 verbose linkBins !invalid#1
66 verbose linkMans !invalid#1
67 silly install discuss_vue c:\Users\sbigonneau\workspace\discuss_vue\discuss_vue-016e1700
68 info lifecycle undefined~install: undefined
69 silly lifecycle undefined~install: no script for install, continuing
70 silly postinstall discuss_vue c:\Users\sbigonneau\workspace\discuss_vue\discuss_vue-016e1700
71 info lifecycle undefined~postinstall: undefined
72 verbose lifecycle undefined~postinstall: unsafe-perm in lifecycle true
73 verbose lifecycle undefined~postinstall: PATH: C:\Users\sbigonneau\AppData\Roaming\nvm\v6.2.0\node_modules\npm\bin\node-gyp-bin;c:\Users\sbigonneau\workspace\discuss_vue\node_modules\.bin;C:\Program Files\nodejs;C:\Program Files\erl7.2.1\erts-7.2.1\bin;C:\Python27\Scripts;Z:\.sys\php;Z:\.sys\apache2\bin;C:\Program Files (x86)\Intel\iCLS Client\;C:\Program Files\Intel\iCLS Client\;C:\WINDOWS\system32;C:\WINDOWS;C:\WINDOWS\System32\Wbem;C:\WINDOWS\System32\WindowsPowerShell\v1.0\;C:\Program Files (x86)\Intel\Intel(R) Management Engine Components\DAL;C:\Program Files\Intel\Intel(R) Management Engine Components\DAL;C:\Program Files (x86)\Intel\Intel(R) Management Engine Components\IPT;C:\Program Files\Intel\Intel(R) Management Engine Components\IPT;C:\Program Files\cURL\bin;C:\Program Files\Calibre2\;C:\Program Files (x86)\Skype\Phone\;C:\Program Files\erl7.2.1\bin;C:\Users\sbigonneau\AppData\Roaming\nvm;C:\Program Files\nodejs;C:\Program Files (x86)\PuTTY\;C:\Python27;C:\Program Files (x86)\Elixir\bin;C:\WINDOWS\system32\config\systemprofile\.mix\escripts;C:\Users\sbigonneau\AppData\Local\Programs\Python\Python35-32\Scripts\;C:\Users\sbigonneau\AppData\Local\Programs\Python\Python35-32\;C:\Users\sbigonneau\AppData\Local\atom\bin;C:\Program Files (x86)\Microsoft VS Code\bin;C:\Users\sbigonneau\AppData\Roaming\nvm;C:\Program Files\nodejs;C:\Program Files\apache-maven-3.3.9\bin;C:\Program Files\Java\jdk1.8.0_101\bin
74 verbose lifecycle undefined~postinstall: CWD: c:\Users\sbigonneau\workspace\discuss_vue
75 silly lifecycle undefined~postinstall: Args: [ '/d /s /c',
75 silly lifecycle   'cp node_modules/materialize-css/js/date_picker/picker.js node_modules/materialize-css/bin' ]
76 silly lifecycle undefined~postinstall: Returned: code: 1  signal: null
77 info lifecycle undefined~postinstall: Failed to exec postinstall script
78 warn optional Skipping failed optional dependency /chokidar/fsevents:
79 warn notsup Not compatible with your operating system or architecture: fsevents@1.0.17
80 verbose stack Error: undefined postinstall: `cp node_modules/materialize-css/js/date_picker/picker.js node_modules/materialize-css/bin`
80 verbose stack Exit status 1
80 verbose stack     at EventEmitter.<anonymous> (C:\Users\sbigonneau\AppData\Roaming\nvm\v6.2.0\node_modules\npm\lib\utils\lifecycle.js:245:16)
80 verbose stack     at emitTwo (events.js:106:13)
80 verbose stack     at EventEmitter.emit (events.js:191:7)
80 verbose stack     at ChildProcess.<anonymous> (C:\Users\sbigonneau\AppData\Roaming\nvm\v6.2.0\node_modules\npm\lib\utils\spawn.js:24:14)
80 verbose stack     at emitTwo (events.js:106:13)
80 verbose stack     at ChildProcess.emit (events.js:191:7)
80 verbose stack     at maybeClose (internal/child_process.js:850:16)
80 verbose stack     at Process.ChildProcess._handle.onexit (internal/child_process.js:215:5)
81 verbose cwd c:\Users\sbigonneau\workspace\discuss_vue
82 error Windows_NT 10.0.14393
83 error argv "C:\\Program Files\\nodejs\\node.exe" "C:\\Program Files\\nodejs\\node_modules\\npm\\bin\\npm-cli.js" "install"
84 error node v6.2.0
85 error npm  v3.8.9
86 error code ELIFECYCLE
87 error undefined postinstall: `cp node_modules/materialize-css/js/date_picker/picker.js node_modules/materialize-css/bin`
87 error Exit status 1
88 error Failed at the undefined postinstall script 'cp node_modules/materialize-css/js/date_picker/picker.js node_modules/materialize-css/bin'.
88 error Make sure you have the latest version of node.js and npm installed.
88 error If you do, this is most likely a problem with the  package,
88 error not with npm itself.
88 error Tell the author that this fails on your system:
88 error     cp node_modules/materialize-css/js/date_picker/picker.js node_modules/materialize-css/bin
88 error You can get information on how to open an issue for this project with:
88 error     npm bugs
88 error Or if that isn't available, you can get their info via:
88 error     npm owner ls
88 error There is likely additional logging output above.
89 verbose exit [ 1, true ]
